"../../../Engine/Content/EditorResources/S_Actor.ubulk" 0
"../../../Engine/Content/EditorResources/S_Actor.uasset" 1
"../../../Engine/Content/EditorResources/S_Actor.uexp" 2
"../../../Engine/Content/EditorResources/S_BoxReflectionCapture.uasset" 3
"../../../Engine/Content/EditorResources/S_BoxReflectionCapture.uexp" 4
"../../../Engine/Content/EngineResources/DefaultTextureCube.uasset" 5
"../../../Engine/Content/EngineResources/DefaultTextureCube.uexp" 6
"../../../Engine/Content/EngineResources/DefaultVolumeTexture2D.uasset" 7
"../../../Engine/Content/EngineResources/DefaultVolumeTexture2D.uexp" 8
"../../../Engine/Content/EngineResources/DefaultVolumeTexture.uasset" 9
"../../../Engine/Content/EngineResources/DefaultVolumeTexture.uexp" 10
"../../../Engine/Content/EditorResources/S_Trigger.ubulk" 11
"../../../Engine/Content/EditorResources/S_Trigger.uasset" 12
"../../../Engine/Content/EditorResources/S_Trigger.uexp" 13
"../../../Engine/Content/EditorResources/S_TriggerBox.uasset" 14
"../../../Engine/Content/EditorResources/S_TriggerBox.uexp" 15
"../../../Engine/Content/EditorResources/S_TriggerCapsule.uasset" 16
"../../../Engine/Content/EditorResources/S_TriggerCapsule.uexp" 17
"../../../Engine/Content/EditorResources/S_TriggerSphere.uasset" 18
"../../../Engine/Content/EditorResources/S_TriggerSphere.uexp" 19
"../../../Engine/Content/EngineMeshes/Sphere.ubulk" 20
"../../../Engine/Content/EngineMeshes/Sphere.uasset" 21
"../../../Engine/Content/EngineMeshes/Sphere.uexp" 22
"../../../Engine/Content/EngineResources/GradientTexture0.uasset" 23
"../../../Engine/Content/EngineResources/GradientTexture0.uexp" 24
"../../../Engine/Content/EngineResources/Black.uasset" 25
"../../../Engine/Content/EngineResources/Black.uexp" 26
"../../../Engine/Content/VREditor/LaserPointer/VR_LaserPower_01.ubulk" 27
"../../../Engine/Content/VREditor/LaserPointer/VR_LaserPower_01.uasset" 28
"../../../Engine/Content/VREditor/LaserPointer/VR_LaserPower_01.uexp" 29
"../../../Engine/Content/VREditor/TransformGizmo/TransformGizmoMaterial.uasset" 30
"../../../Engine/Content/VREditor/TransformGizmo/TransformGizmoMaterial.uexp" 31
"../../../Engine/Content/VREditor/TransformGizmo/TranslucentTransformGizmoMaterial.uasset" 32
"../../../Engine/Content/VREditor/TransformGizmo/TranslucentTransformGizmoMaterial.uexp" 33
"../../../Engine/Content/VREditor/TransformGizmo/BoundingBoxCorner.ubulk" 34
"../../../Engine/Content/VREditor/TransformGizmo/BoundingBoxCorner.uasset" 35
"../../../Engine/Content/VREditor/TransformGizmo/BoundingBoxCorner.uexp" 36
"../../../Engine/Content/VREditor/TransformGizmo/BoundingBoxEdge.ubulk" 37
"../../../Engine/Content/VREditor/TransformGizmo/BoundingBoxEdge.uasset" 38
"../../../Engine/Content/VREditor/TransformGizmo/BoundingBoxEdge.uexp" 39
"../../../Engine/Content/VREditor/TransformGizmo/Main.uasset" 40
"../../../Engine/Content/VREditor/TransformGizmo/Main.uexp" 41
"../../../Engine/Content/VREditor/TransformGizmo/Xray.uasset" 42
"../../../Engine/Content/VREditor/TransformGizmo/Xray.uexp" 43
"../../../Engine/Content/VREditor/TransformGizmo/SM_Sequencer_Node.ubulk" 44
"../../../Engine/Content/VREditor/TransformGizmo/SM_Sequencer_Node.uasset" 45
"../../../Engine/Content/VREditor/TransformGizmo/SM_Sequencer_Node.uexp" 46
"../../../Engine/Content/EditorResources/S_Solver.ubulk" 47
"../../../Engine/Content/EditorResources/S_Solver.uasset" 48
"../../../Engine/Content/EditorResources/S_Solver.uexp" 49
"../../../Engine/Content/EditorMaterials/Camera/CineMat.uasset" 50
"../../../Engine/Content/EditorMaterials/Camera/CineMat.uexp" 51
"../../../Engine/Content/EditorMaterials/Camera/MI_CineMat_Rig.uasset" 52
"../../../Engine/Content/EditorMaterials/Camera/MI_CineMat_Rig.uexp" 53
"../../../Engine/Content/EditorMeshes/Camera/SM_CraneRig_Base.ubulk" 54
"../../../Engine/Content/EditorMeshes/Camera/SM_CraneRig_Base.uasset" 55
"../../../Engine/Content/EditorMeshes/Camera/SM_CraneRig_Base.uexp" 56
"../../../Engine/Content/EditorMeshes/Camera/SM_CraneRig_Arm.ubulk" 57
"../../../Engine/Content/EditorMeshes/Camera/SM_CraneRig_Arm.uasset" 58
"../../../Engine/Content/EditorMeshes/Camera/SM_CraneRig_Arm.uexp" 59
"../../../Engine/Content/EditorMeshes/Camera/SM_CraneRig_Mount.ubulk" 60
"../../../Engine/Content/EditorMeshes/Camera/SM_CraneRig_Mount.uasset" 61
"../../../Engine/Content/EditorMeshes/Camera/SM_CraneRig_Mount.uexp" 62
"../../../Engine/Content/EditorMeshes/Camera/SM_CraneRig_Body.ubulk" 63
"../../../Engine/Content/EditorMeshes/Camera/SM_CraneRig_Body.uasset" 64
"../../../Engine/Content/EditorMeshes/Camera/SM_CraneRig_Body.uexp" 65
"../../../Engine/Content/EditorMeshes/Camera/SM_RailRig_Track.ubulk" 66
"../../../Engine/Content/EditorMeshes/Camera/SM_RailRig_Track.uasset" 67
"../../../Engine/Content/EditorMeshes/Camera/SM_RailRig_Track.uexp" 68
"../../../Engine/Content/EditorMeshes/Camera/SM_RailRig_Mount.ubulk" 69
"../../../Engine/Content/EditorMeshes/Camera/SM_RailRig_Mount.uasset" 70
"../../../Engine/Content/EditorMeshes/Camera/SM_RailRig_Mount.uexp" 71
"../../../Engine/Content/EngineMaterials/T_Default_Material_Grid_M.ubulk" 72
"../../../Engine/Content/EngineMaterials/T_Default_Material_Grid_M.uasset" 73
"../../../Engine/Content/EngineMaterials/T_Default_Material_Grid_M.uexp" 74
"../../../Engine/Content/EngineMaterials/T_Default_Material_Grid_N.ubulk" 75
"../../../Engine/Content/EngineMaterials/T_Default_Material_Grid_N.uasset" 76
"../../../Engine/Content/EngineMaterials/T_Default_Material_Grid_N.uexp" 77
"../../../Engine/Content/Functions/Engine_MaterialFunctions01/Opacity/CameraDepthFade.uasset" 78
"../../../Engine/Content/Functions/Engine_MaterialFunctions01/Opacity/CameraDepthFade.uexp" 79
"../../../Engine/Content/EngineMaterials/WorldGridMaterial.uasset" 80
"../../../Engine/Content/EngineMaterials/WorldGridMaterial.uexp" 81
"../../../Engine/Content/ArtTools/RenderToTexture/Meshes/S_1_Unit_Plane.ubulk" 82
"../../../Engine/Content/ArtTools/RenderToTexture/Meshes/S_1_Unit_Plane.uasset" 83
"../../../Engine/Content/ArtTools/RenderToTexture/Meshes/S_1_Unit_Plane.uexp" 84
"../../../Engine/Content/EditorMaterials/ParticleSystems/PSysThumbnail_NoImage.ubulk" 85
"../../../Engine/Content/EditorMaterials/ParticleSystems/PSysThumbnail_NoImage.uasset" 86
"../../../Engine/Content/EditorMaterials/ParticleSystems/PSysThumbnail_NoImage.uexp" 87
"../../../Engine/Content/EditorMaterials/ParticleSystems/PSysThumbnail_OOD.ubulk" 88
"../../../Engine/Content/EditorMaterials/ParticleSystems/PSysThumbnail_OOD.uasset" 89
"../../../Engine/Content/EditorMaterials/ParticleSystems/PSysThumbnail_OOD.uexp" 90
"../../../Engine/Content/EditorLandscapeResources/SplineEditorMeshMat.uasset" 91
"../../../Engine/Content/EditorLandscapeResources/SplineEditorMeshMat.uexp" 92
"../../../Engine/Content/EditorLandscapeResources/SplineEditorMesh.ubulk" 93
"../../../Engine/Content/EditorLandscapeResources/SplineEditorMesh.uasset" 94
"../../../Engine/Content/EditorLandscapeResources/SplineEditorMesh.uexp" 95
"../../../Engine/Plugins/Media/MediaPlate/Content/SM_MediaPlateScreen.ubulk" 96
"../../../Engine/Plugins/Media/MediaPlate/Content/SM_MediaPlateScreen.uasset" 97
"../../../Engine/Plugins/Media/MediaPlate/Content/SM_MediaPlateScreen.uexp" 98
"../../../Engine/Content/EngineMaterials/DefaultBokeh.uasset" 99
"../../../Engine/Content/EngineMaterials/DefaultBokeh.uexp" 100
"../../../Engine/Content/EngineMaterials/MiniFont.uasset" 101
"../../../Engine/Content/EngineMaterials/MiniFont.uexp" 102
"../../../Engine/Content/EngineMaterials/WeightMapPlaceholderTexture.uasset" 103
"../../../Engine/Content/EngineMaterials/WeightMapPlaceholderTexture.uexp" 104
"../../../Engine/Content/EngineMaterials/WeightMapArrayPlaceholderTexture.uasset" 105
"../../../Engine/Content/EngineMaterials/WeightMapArrayPlaceholderTexture.uexp" 106
"../../../Engine/Content/EngineMaterials/DefaultWhiteGrid.ubulk" 107
"../../../Engine/Content/EngineMaterials/DefaultWhiteGrid.uasset" 108
"../../../Engine/Content/EngineMaterials/DefaultWhiteGrid.uexp" 109
"../../../Engine/Content/EngineMaterials/PreintegratedSkinBRDF.uasset" 110
"../../../Engine/Content/EngineMaterials/PreintegratedSkinBRDF.uexp" 111
"../../../Engine/Plugins/Runtime/MeshModelingToolset/Content/Materials/M_DynamicMeshComponentVtxColor.uasset" 112
"../../../Engine/Plugins/Runtime/MeshModelingToolset/Content/Materials/M_DynamicMeshComponentVtxColor.uexp" 113
"../../../Engine/Plugins/Runtime/AR/ARUtilities/Content/Materials/DummyExternalTexture.uasset" 114
"../../../Engine/Plugins/Runtime/AR/ARUtilities/Content/Materials/DummyExternalTexture.uexp" 115
"../../../Engine/Content/EngineResources/DefaultTexture.ubulk" 116
"../../../Engine/Content/EngineResources/DefaultTexture.uasset" 117
"../../../Engine/Content/EngineResources/DefaultTexture.uexp" 118
"../../../Engine/Plugins/Runtime/AR/Google/GoogleARCore/Content/M_SceneDepthOcclusion.uasset" 119
"../../../Engine/Plugins/Runtime/AR/Google/GoogleARCore/Content/M_SceneDepthOcclusion.uexp" 120
"../../../Engine/Plugins/Runtime/AR/ARUtilities/Content/Materials/MF_DistanceColorLerp.uasset" 121
"../../../Engine/Plugins/Runtime/AR/ARUtilities/Content/Materials/MF_DistanceColorLerp.uexp" 122
"../../../Engine/Plugins/Runtime/AR/ARUtilities/Content/Materials/M_DepthColoration.uasset" 123
"../../../Engine/Plugins/Runtime/AR/ARUtilities/Content/Materials/M_DepthColoration.uexp" 124
"../../../Engine/Plugins/Runtime/AR/ARUtilities/Content/Materials/M_ScreenSpacePassthroughCamera.uasset" 125
"../../../Engine/Plugins/Runtime/AR/ARUtilities/Content/Materials/M_ScreenSpacePassthroughCamera.uexp" 126
"../../../Engine/Plugins/Runtime/AR/ARUtilities/Content/Materials/MI_ScreenSpacePassthroughCameraExternalTexture.uasset" 127
"../../../Engine/Plugins/Runtime/AR/ARUtilities/Content/Materials/MI_ScreenSpacePassthroughCameraExternalTexture.uexp" 128
"../../../Engine/Plugins/Runtime/AR/ARUtilities/Content/Materials/M_PassthroughCamera.uasset" 129
"../../../Engine/Plugins/Runtime/AR/ARUtilities/Content/Materials/M_PassthroughCamera.uexp" 130
"../../../Engine/Plugins/Runtime/AR/ARUtilities/Content/Materials/MI_PassthroughCameraExternalTexture.uasset" 131
"../../../Engine/Plugins/Runtime/AR/ARUtilities/Content/Materials/MI_PassthroughCameraExternalTexture.uexp" 132
"../../../Engine/Plugins/Runtime/AR/AppleAR/AppleARKit/Content/M_SceneDepthOcclusion.uasset" 133
"../../../Engine/Plugins/Runtime/AR/AppleAR/AppleARKit/Content/M_SceneDepthOcclusion.uexp" 134
"../../../Engine/Plugins/Runtime/AR/AppleAR/AppleARKit/Content/M_OcclusionOverlay.uasset" 135
"../../../Engine/Plugins/Runtime/AR/AppleAR/AppleARKit/Content/M_OcclusionOverlay.uexp" 136
"../../../Engine/Plugins/Runtime/AR/AppleAR/AppleARKit/Content/MI_MatteOcclusionOverlay.uasset" 137
"../../../Engine/Plugins/Runtime/AR/AppleAR/AppleARKit/Content/MI_MatteOcclusionOverlay.uexp" 138
"../../../Engine/Plugins/Runtime/AR/AppleAR/AppleARKit/Content/MI_DepthOcclusionOverlay.uasset" 139
"../../../Engine/Plugins/Runtime/AR/AppleAR/AppleARKit/Content/MI_DepthOcclusionOverlay.uexp" 140
"../../../Engine/Content/Functions/Engine_MaterialFunctions02/Utility/CameraDirectionVector.uasset" 141
"../../../Engine/Content/Functions/Engine_MaterialFunctions02/Utility/CameraDirectionVector.uexp" 142
"../../../Engine/Content/Functions/Engine_MaterialFunctions01/Volumetrics/BeersLaw.uasset" 143
"../../../Engine/Content/Functions/Engine_MaterialFunctions01/Volumetrics/BeersLaw.uexp" 144
"../../../Engine/Content/EngineMaterials/Good64x64TilingNoiseHighFreq.uasset" 145
"../../../Engine/Content/EngineMaterials/Good64x64TilingNoiseHighFreq.uexp" 146
"../../../Engine/Content/Functions/Engine_MaterialFunctions02/Texturing/ScreenAlignedPixelToPixelUVs.uasset" 147
"../../../Engine/Content/Functions/Engine_MaterialFunctions02/Texturing/ScreenAlignedPixelToPixelUVs.uexp" 148
"../../../Engine/Content/Functions/Engine_MaterialFunctions02/Utility/BreakOutFloat3Components.uasset" 149
"../../../Engine/Content/Functions/Engine_MaterialFunctions02/Utility/BreakOutFloat3Components.uexp" 150
"../../../Engine/Content/Functions/Engine_MaterialFunctions03/Math/RemapValueRange.uasset" 151
"../../../Engine/Content/Functions/Engine_MaterialFunctions03/Math/RemapValueRange.uexp" 152
"../../../Engine/Plugins/Editor/SpeedTreeImporter/Content/SpeedTree9/game_wind_noise.ubulk" 153
"../../../Engine/Plugins/Editor/SpeedTreeImporter/Content/SpeedTree9/game_wind_noise.uasset" 154
"../../../Engine/Plugins/Editor/SpeedTreeImporter/Content/SpeedTree9/game_wind_noise.uexp" 155
"../../../Engine/Plugins/Editor/SpeedTreeImporter/Content/SpeedTree9/UnpackDirection.uasset" 156
"../../../Engine/Plugins/Editor/SpeedTreeImporter/Content/SpeedTree9/UnpackDirection.uexp" 157
"../../../Engine/Content/Functions/Engine_MaterialFunctions02/ObjectLocalBounds.uasset" 158
"../../../Engine/Content/Functions/Engine_MaterialFunctions02/ObjectLocalBounds.uexp" 159
"../../../Engine/Content/Functions/Engine_MaterialFunctions02/UVs/BoundingBoxBased_0-1_UVW.uasset" 160
"../../../Engine/Content/Functions/Engine_MaterialFunctions02/UVs/BoundingBoxBased_0-1_UVW.uexp" 161
"../../../Engine/Content/Functions/Engine_MaterialFunctions02/Utility/VectorLength.uasset" 162
"../../../Engine/Content/Functions/Engine_MaterialFunctions02/Utility/VectorLength.uexp" 163
"../../../Engine/Plugins/Editor/SpeedTreeImporter/Content/SpeedTree9/UnpackInteger3.uasset" 164
"../../../Engine/Plugins/Editor/SpeedTreeImporter/Content/SpeedTree9/UnpackInteger3.uexp" 165
"../../../Engine/Plugins/Editor/SpeedTreeImporter/Content/SpeedTree9/SpeedTreeCameraFacing.uasset" 166
"../../../Engine/Plugins/Editor/SpeedTreeImporter/Content/SpeedTree9/SpeedTreeCameraFacing.uexp" 167
"../../../Engine/Content/Functions/Engine_MaterialFunctions02/WorldPositionOffset/ObjectScale.uasset" 168
"../../../Engine/Content/Functions/Engine_MaterialFunctions02/WorldPositionOffset/ObjectScale.uexp" 169
"../../../Engine/Content/Functions/Engine_MaterialFunctions02/SafeNormalize.uasset" 170
"../../../Engine/Content/Functions/Engine_MaterialFunctions02/SafeNormalize.uexp" 171
"../../../Engine/Plugins/Editor/SpeedTreeImporter/Content/SpeedTree9/SpeedTreeWindMotion.uasset" 172
"../../../Engine/Plugins/Editor/SpeedTreeImporter/Content/SpeedTree9/SpeedTreeWindMotion.uexp" 173
"../../../Engine/Plugins/Editor/SpeedTreeImporter/Content/SpeedTree9/SpeedTreeBranchMotion.uasset" 174
"../../../Engine/Plugins/Editor/SpeedTreeImporter/Content/SpeedTree9/SpeedTreeBranchMotion.uexp" 175
"../../../Engine/Plugins/Editor/SpeedTreeImporter/Content/SpeedTree9/SpeedTreeWind.uasset" 176
"../../../Engine/Plugins/Editor/SpeedTreeImporter/Content/SpeedTree9/SpeedTreeWind.uexp" 177
"../../../Engine/Plugins/Editor/SpeedTreeImporter/Content/SpeedTree9/EmptyNormal.uasset" 178
"../../../Engine/Plugins/Editor/SpeedTreeImporter/Content/SpeedTree9/EmptyNormal.uexp" 179
"../../../Engine/Plugins/Editor/SpeedTreeImporter/Content/SpeedTree9/Empty.uasset" 180
"../../../Engine/Plugins/Editor/SpeedTreeImporter/Content/SpeedTree9/Empty.uexp" 181
"../../../Engine/Plugins/Editor/SpeedTreeImporter/Content/SpeedTree9/SpeedTreeMaster.uasset" 182
"../../../Engine/Plugins/Editor/SpeedTreeImporter/Content/SpeedTree9/SpeedTreeMaster.uexp" 183
"../../../Engine/Plugins/Editor/SpeedTreeImporter/Content/SpeedTree9/SpeedTreeBillboard.uasset" 184
"../../../Engine/Plugins/Editor/SpeedTreeImporter/Content/SpeedTree9/SpeedTreeBillboard.uexp" 185
"../../../Engine/Plugins/Editor/SpeedTreeImporter/Content/SpeedTree9/SpeedTreeBillboardMaster.uasset" 186
"../../../Engine/Plugins/Editor/SpeedTreeImporter/Content/SpeedTree9/SpeedTreeBillboardMaster.uexp" 187
"../../../Engine/Content/Functions/Engine_MaterialFunctions02/WorldPositionOffset/CameraOffset.uasset" 188
"../../../Engine/Content/Functions/Engine_MaterialFunctions02/WorldPositionOffset/CameraOffset.uexp" 189
"../../../Engine/Plugins/Animation/ControlRig/Content/M_Manip.uasset" 190
"../../../Engine/Plugins/Animation/ControlRig/Content/M_Manip.uexp" 191
"../../../Engine/Plugins/Animation/ControlRig/Content/Controls/DefaultGizmoLibraryNormalized.uasset" 192
"../../../Engine/Plugins/Animation/ControlRig/Content/Controls/DefaultGizmoLibraryNormalized.uexp" 193
"../../../Engine/Plugins/Animation/ControlRig/Content/Controls/ControlRig_Wedge_solid.ubulk" 194
"../../../Engine/Plugins/Animation/ControlRig/Content/Controls/ControlRig_Wedge_solid.uasset" 195
"../../../Engine/Plugins/Animation/ControlRig/Content/Controls/ControlRig_Wedge_solid.uexp" 196
"../../../Engine/Plugins/Animation/ControlRig/Content/Controls/ControlRig_Wedge_3mm.ubulk" 197
"../../../Engine/Plugins/Animation/ControlRig/Content/Controls/ControlRig_Wedge_3mm.uasset" 198
"../../../Engine/Plugins/Animation/ControlRig/Content/Controls/ControlRig_Wedge_3mm.uexp" 199
"../../../Engine/Plugins/Animation/ControlRig/Content/Controls/ControlRig_Wedge_1mm.ubulk" 200
"../../../Engine/Plugins/Animation/ControlRig/Content/Controls/ControlRig_Wedge_1mm.uasset" 201
"../../../Engine/Plugins/Animation/ControlRig/Content/Controls/ControlRig_Wedge_1mm.uexp" 202
"../../../Engine/Plugins/Animation/ControlRig/Content/Controls/ControlRig_Triangle_solid.ubulk" 203
"../../../Engine/Plugins/Animation/ControlRig/Content/Controls/ControlRig_Triangle_solid.uasset" 204
"../../../Engine/Plugins/Animation/ControlRig/Content/Controls/ControlRig_Triangle_solid.uexp" 205
"../../../Engine/Plugins/Animation/ControlRig/Content/Controls/ControlRig_Triangle_3mm.ubulk" 206
"../../../Engine/Plugins/Animation/ControlRig/Content/Controls/ControlRig_Triangle_3mm.uasset" 207
"../../../Engine/Plugins/Animation/ControlRig/Content/Controls/ControlRig_Triangle_3mm.uexp" 208
"../../../Engine/Plugins/Animation/ControlRig/Content/Controls/ControlRig_Triangle_1mm.ubulk" 209
"../../../Engine/Plugins/Animation/ControlRig/Content/Controls/ControlRig_Triangle_1mm.uasset" 210
"../../../Engine/Plugins/Animation/ControlRig/Content/Controls/ControlRig_Triangle_1mm.uexp" 211
"../../../Engine/Plugins/Animation/ControlRig/Content/Controls/ControlRig_Star4_solid.ubulk" 212
"../../../Engine/Plugins/Animation/ControlRig/Content/Controls/ControlRig_Star4_solid.uasset" 213
"../../../Engine/Plugins/Animation/ControlRig/Content/Controls/ControlRig_Star4_solid.uexp" 214
"../../../Engine/Plugins/Animation/ControlRig/Content/Controls/ControlRig_Star4_3mm.ubulk" 215
"../../../Engine/Plugins/Animation/ControlRig/Content/Controls/ControlRig_Star4_3mm.uasset" 216
"../../../Engine/Plugins/Animation/ControlRig/Content/Controls/ControlRig_Star4_3mm.uexp" 217
"../../../Engine/Plugins/Animation/ControlRig/Content/Controls/ControlRig_Star4_1mm.ubulk" 218
"../../../Engine/Plugins/Animation/ControlRig/Content/Controls/ControlRig_Star4_1mm.uasset" 219
"../../../Engine/Plugins/Animation/ControlRig/Content/Controls/ControlRig_Star4_1mm.uexp" 220
"../../../Engine/Plugins/Animation/ControlRig/Content/Controls/ControlRig_Square_solid.ubulk" 221
"../../../Engine/Plugins/Animation/ControlRig/Content/Controls/ControlRig_Square_solid.uasset" 222
"../../../Engine/Plugins/Animation/ControlRig/Content/Controls/ControlRig_Square_solid.uexp" 223
"../../../Engine/Plugins/Animation/ControlRig/Content/Controls/ControlRig_Square_3mm.ubulk" 224
"../../../Engine/Plugins/Animation/ControlRig/Content/Controls/ControlRig_Square_3mm.uasset" 225
"../../../Engine/Plugins/Animation/ControlRig/Content/Controls/ControlRig_Square_3mm.uexp" 226
"../../../Engine/Plugins/Animation/ControlRig/Content/Controls/ControlRig_Square_1mm.ubulk" 227
"../../../Engine/Plugins/Animation/ControlRig/Content/Controls/ControlRig_Square_1mm.uasset" 228
"../../../Engine/Plugins/Animation/ControlRig/Content/Controls/ControlRig_Square_1mm.uexp" 229
"../../../Engine/Plugins/Animation/ControlRig/Content/Controls/ControlRig_Sphere_solid.ubulk" 230
"../../../Engine/Plugins/Animation/ControlRig/Content/Controls/ControlRig_Sphere_solid.uasset" 231
"../../../Engine/Plugins/Animation/ControlRig/Content/Controls/ControlRig_Sphere_solid.uexp" 232
"../../../Engine/Plugins/Animation/ControlRig/Content/Controls/ControlRig_Sphere_3mm.ubulk" 233
"../../../Engine/Plugins/Animation/ControlRig/Content/Controls/ControlRig_Sphere_3mm.uasset" 234
"../../../Engine/Plugins/Animation/ControlRig/Content/Controls/ControlRig_Sphere_3mm.uexp" 235
"../../../Engine/Plugins/Animation/ControlRig/Content/Controls/ControlRig_Sphere_1mm.ubulk" 236
"../../../Engine/Plugins/Animation/ControlRig/Content/Controls/ControlRig_Sphere_1mm.uasset" 237
"../../../Engine/Plugins/Animation/ControlRig/Content/Controls/ControlRig_Sphere_1mm.uexp" 238
"../../../Engine/Plugins/Animation/ControlRig/Content/Controls/ControlRig_RoundedTriangle_solid.ubulk" 239
"../../../Engine/Plugins/Animation/ControlRig/Content/Controls/ControlRig_RoundedTriangle_solid.uasset" 240
"../../../Engine/Plugins/Animation/ControlRig/Content/Controls/ControlRig_RoundedTriangle_solid.uexp" 241
"../../../Engine/Plugins/Animation/ControlRig/Content/Controls/ControlRig_RoundedTriangle_3mm.ubulk" 242
"../../../Engine/Plugins/Animation/ControlRig/Content/Controls/ControlRig_RoundedTriangle_3mm.uasset" 243
"../../../Engine/Plugins/Animation/ControlRig/Content/Controls/ControlRig_RoundedTriangle_3mm.uexp" 244
"../../../Engine/Plugins/Animation/ControlRig/Content/Controls/ControlRig_RoundedTriangle_1mm.ubulk" 245
"../../../Engine/Plugins/Animation/ControlRig/Content/Controls/ControlRig_RoundedTriangle_1mm.uasset" 246
"../../../Engine/Plugins/Animation/ControlRig/Content/Controls/ControlRig_RoundedTriangle_1mm.uexp" 247
"../../../Engine/Plugins/Animation/ControlRig/Content/Controls/ControlRig_RoundedSquare_solid.ubulk" 248
"../../../Engine/Plugins/Animation/ControlRig/Content/Controls/ControlRig_RoundedSquare_solid.uasset" 249
"../../../Engine/Plugins/Animation/ControlRig/Content/Controls/ControlRig_RoundedSquare_solid.uexp" 250
"../../../Engine/Plugins/Animation/ControlRig/Content/Controls/ControlRig_RoundedSquare_3mm.ubulk" 251
"../../../Engine/Plugins/Animation/ControlRig/Content/Controls/ControlRig_RoundedSquare_3mm.uasset" 252
"../../../Engine/Plugins/Animation/ControlRig/Content/Controls/ControlRig_RoundedSquare_3mm.uexp" 253
"../../../Engine/Plugins/Animation/ControlRig/Content/Controls/ControlRig_RoundedSquare_1mm.ubulk" 254
"../../../Engine/Plugins/Animation/ControlRig/Content/Controls/ControlRig_RoundedSquare_1mm.uasset" 255
"../../../Engine/Plugins/Animation/ControlRig/Content/Controls/ControlRig_RoundedSquare_1mm.uexp" 256
"../../../Engine/Plugins/Animation/ControlRig/Content/Controls/ControlRig_QuarterCircle_solid.ubulk" 257
"../../../Engine/Plugins/Animation/ControlRig/Content/Controls/ControlRig_QuarterCircle_solid.uasset" 258
"../../../Engine/Plugins/Animation/ControlRig/Content/Controls/ControlRig_QuarterCircle_solid.uexp" 259
"../../../Engine/Plugins/Animation/ControlRig/Content/Controls/ControlRig_QuarterCircle_3mm.ubulk" 260
"../../../Engine/Plugins/Animation/ControlRig/Content/Controls/ControlRig_QuarterCircle_3mm.uasset" 261
"../../../Engine/Plugins/Animation/ControlRig/Content/Controls/ControlRig_QuarterCircle_3mm.uexp" 262
"../../../Engine/Plugins/Animation/ControlRig/Content/Controls/ControlRig_QuarterCircle_1mm.ubulk" 263
"../../../Engine/Plugins/Animation/ControlRig/Content/Controls/ControlRig_QuarterCircle_1mm.uasset" 264
"../../../Engine/Plugins/Animation/ControlRig/Content/Controls/ControlRig_QuarterCircle_1mm.uexp" 265
"../../../Engine/Plugins/Animation/ControlRig/Content/Controls/ControlRig_Pyramid_solid.ubulk" 266
"../../../Engine/Plugins/Animation/ControlRig/Content/Controls/ControlRig_Pyramid_solid.uasset" 267
"../../../Engine/Plugins/Animation/ControlRig/Content/Controls/ControlRig_Pyramid_solid.uexp" 268
"../../../Engine/Plugins/Animation/ControlRig/Content/Controls/ControlRig_Pyramid_3mm.ubulk" 269
"../../../Engine/Plugins/Animation/ControlRig/Content/Controls/ControlRig_Pyramid_3mm.uasset" 270
"../../../Engine/Plugins/Animation/ControlRig/Content/Controls/ControlRig_Pyramid_3mm.uexp" 271
"../../../Engine/Plugins/Animation/ControlRig/Content/Controls/ControlRig_Pyramid_1mm.ubulk" 272
"../../../Engine/Plugins/Animation/ControlRig/Content/Controls/ControlRig_Pyramid_1mm.uasset" 273
"../../../Engine/Plugins/Animation/ControlRig/Content/Controls/ControlRig_Pyramid_1mm.uexp" 274
"../../../Engine/Plugins/Animation/ControlRig/Content/Controls/ControlRig_Octagon_solid.ubulk" 275
"../../../Engine/Plugins/Animation/ControlRig/Content/Controls/ControlRig_Octagon_solid.uasset" 276
"../../../Engine/Plugins/Animation/ControlRig/Content/Controls/ControlRig_Octagon_solid.uexp" 277
"../../../Engine/Plugins/Animation/ControlRig/Content/Controls/ControlRig_Octagon_3mm.ubulk" 278
"../../../Engine/Plugins/Animation/ControlRig/Content/Controls/ControlRig_Octagon_3mm.uasset" 279
"../../../Engine/Plugins/Animation/ControlRig/Content/Controls/ControlRig_Octagon_3mm.uexp" 280
"../../../Engine/Plugins/Animation/ControlRig/Content/Controls/ControlRig_Octagon_1mm.ubulk" 281
"../../../Engine/Plugins/Animation/ControlRig/Content/Controls/ControlRig_Octagon_1mm.uasset" 282
"../../../Engine/Plugins/Animation/ControlRig/Content/Controls/ControlRig_Octagon_1mm.uexp" 283
"../../../Engine/Plugins/Animation/ControlRig/Content/Controls/ControlRig_Hexagon_solid.ubulk" 284
"../../../Engine/Plugins/Animation/ControlRig/Content/Controls/ControlRig_Hexagon_solid.uasset" 285
"../../../Engine/Plugins/Animation/ControlRig/Content/Controls/ControlRig_Hexagon_solid.uexp" 286
"../../../Engine/Plugins/Animation/ControlRig/Content/Controls/ControlRig_Hexagon_3mm.ubulk" 287
"../../../Engine/Plugins/Animation/ControlRig/Content/Controls/ControlRig_Hexagon_3mm.uasset" 288
"../../../Engine/Plugins/Animation/ControlRig/Content/Controls/ControlRig_Hexagon_3mm.uexp" 289
"../../../Engine/Plugins/Animation/ControlRig/Content/Controls/ControlRig_Hexagon_1mm.ubulk" 290
"../../../Engine/Plugins/Animation/ControlRig/Content/Controls/ControlRig_Hexagon_1mm.uasset" 291
"../../../Engine/Plugins/Animation/ControlRig/Content/Controls/ControlRig_Hexagon_1mm.uexp" 292
"../../../Engine/Plugins/Animation/ControlRig/Content/Controls/ControlRig_HalfCircle_solid.ubulk" 293
"../../../Engine/Plugins/Animation/ControlRig/Content/Controls/ControlRig_HalfCircle_solid.uasset" 294
"../../../Engine/Plugins/Animation/ControlRig/Content/Controls/ControlRig_HalfCircle_solid.uexp" 295
"../../../Engine/Plugins/Animation/ControlRig/Content/Controls/ControlRig_HalfCircle_3mm.ubulk" 296
"../../../Engine/Plugins/Animation/ControlRig/Content/Controls/ControlRig_HalfCircle_3mm.uasset" 297
"../../../Engine/Plugins/Animation/ControlRig/Content/Controls/ControlRig_HalfCircle_3mm.uexp" 298
"../../../Engine/Plugins/Animation/ControlRig/Content/Controls/ControlRig_HalfCircle_1mm.ubulk" 299
"../../../Engine/Plugins/Animation/ControlRig/Content/Controls/ControlRig_HalfCircle_1mm.uasset" 300
"../../../Engine/Plugins/Animation/ControlRig/Content/Controls/ControlRig_HalfCircle_1mm.uexp" 301
"../../../Engine/Plugins/Animation/ControlRig/Content/Controls/ControlRig_Diamond_solid.ubulk" 302
"../../../Engine/Plugins/Animation/ControlRig/Content/Controls/ControlRig_Diamond_solid.uasset" 303
"../../../Engine/Plugins/Animation/ControlRig/Content/Controls/ControlRig_Diamond_solid.uexp" 304
"../../../Engine/Plugins/Animation/ControlRig/Content/Controls/ControlRig_Diamond_3mm.ubulk" 305
"../../../Engine/Plugins/Animation/ControlRig/Content/Controls/ControlRig_Diamond_3mm.uasset" 306
"../../../Engine/Plugins/Animation/ControlRig/Content/Controls/ControlRig_Diamond_3mm.uexp" 307
"../../../Engine/Plugins/Animation/ControlRig/Content/Controls/ControlRig_Diamond_1mm.ubulk" 308
"../../../Engine/Plugins/Animation/ControlRig/Content/Controls/ControlRig_Diamond_1mm.uasset" 309
"../../../Engine/Plugins/Animation/ControlRig/Content/Controls/ControlRig_Diamond_1mm.uexp" 310
"../../../Engine/Plugins/Animation/ControlRig/Content/Controls/ControlRig_Circle_solid.ubulk" 311
"../../../Engine/Plugins/Animation/ControlRig/Content/Controls/ControlRig_Circle_solid.uasset" 312
"../../../Engine/Plugins/Animation/ControlRig/Content/Controls/ControlRig_Circle_solid.uexp" 313
"../../../Engine/Plugins/Animation/ControlRig/Content/Controls/ControlRig_Circle_3mm.ubulk" 314
"../../../Engine/Plugins/Animation/ControlRig/Content/Controls/ControlRig_Circle_3mm.uasset" 315
"../../../Engine/Plugins/Animation/ControlRig/Content/Controls/ControlRig_Circle_3mm.uexp" 316
"../../../Engine/Plugins/Animation/ControlRig/Content/Controls/ControlRig_Circle_1mm.ubulk" 317
"../../../Engine/Plugins/Animation/ControlRig/Content/Controls/ControlRig_Circle_1mm.uasset" 318
"../../../Engine/Plugins/Animation/ControlRig/Content/Controls/ControlRig_Circle_1mm.uexp" 319
"../../../Engine/Plugins/Animation/ControlRig/Content/Controls/ControlRig_Box_solid.ubulk" 320
"../../../Engine/Plugins/Animation/ControlRig/Content/Controls/ControlRig_Box_solid.uasset" 321
"../../../Engine/Plugins/Animation/ControlRig/Content/Controls/ControlRig_Box_solid.uexp" 322
"../../../Engine/Plugins/Animation/ControlRig/Content/Controls/ControlRig_Box_3mm.ubulk" 323
"../../../Engine/Plugins/Animation/ControlRig/Content/Controls/ControlRig_Box_3mm.uasset" 324
"../../../Engine/Plugins/Animation/ControlRig/Content/Controls/ControlRig_Box_3mm.uexp" 325
"../../../Engine/Plugins/Animation/ControlRig/Content/Controls/ControlRig_Box_1mm.ubulk" 326
"../../../Engine/Plugins/Animation/ControlRig/Content/Controls/ControlRig_Box_1mm.uasset" 327
"../../../Engine/Plugins/Animation/ControlRig/Content/Controls/ControlRig_Box_1mm.uexp" 328
"../../../Engine/Plugins/Animation/ControlRig/Content/Controls/ControlRig_Arrow_solid.ubulk" 329
"../../../Engine/Plugins/Animation/ControlRig/Content/Controls/ControlRig_Arrow_solid.uasset" 330
"../../../Engine/Plugins/Animation/ControlRig/Content/Controls/ControlRig_Arrow_solid.uexp" 331
"../../../Engine/Plugins/Animation/ControlRig/Content/Controls/ControlRig_Arrow_3mm.ubulk" 332
"../../../Engine/Plugins/Animation/ControlRig/Content/Controls/ControlRig_Arrow_3mm.uasset" 333
"../../../Engine/Plugins/Animation/ControlRig/Content/Controls/ControlRig_Arrow_3mm.uexp" 334
"../../../Engine/Plugins/Animation/ControlRig/Content/Controls/ControlRig_Arrow_1mm.ubulk" 335
"../../../Engine/Plugins/Animation/ControlRig/Content/Controls/ControlRig_Arrow_1mm.uasset" 336
"../../../Engine/Plugins/Animation/ControlRig/Content/Controls/ControlRig_Arrow_1mm.uexp" 337
"../../../Engine/Plugins/Animation/ControlRig/Content/Controls/ControlRig_Arrow4_solid.ubulk" 338
"../../../Engine/Plugins/Animation/ControlRig/Content/Controls/ControlRig_Arrow4_solid.uasset" 339
"../../../Engine/Plugins/Animation/ControlRig/Content/Controls/ControlRig_Arrow4_solid.uexp" 340
"../../../Engine/Plugins/Animation/ControlRig/Content/Controls/ControlRig_Arrow4_3mm.ubulk" 341
"../../../Engine/Plugins/Animation/ControlRig/Content/Controls/ControlRig_Arrow4_3mm.uasset" 342
"../../../Engine/Plugins/Animation/ControlRig/Content/Controls/ControlRig_Arrow4_3mm.uexp" 343
"../../../Engine/Plugins/Animation/ControlRig/Content/Controls/ControlRig_Arrow4_1mm.ubulk" 344
"../../../Engine/Plugins/Animation/ControlRig/Content/Controls/ControlRig_Arrow4_1mm.uasset" 345
"../../../Engine/Plugins/Animation/ControlRig/Content/Controls/ControlRig_Arrow4_1mm.uexp" 346
"../../../Engine/Plugins/Animation/ControlRig/Content/Controls/ControlRig_Arrow2_solid.ubulk" 347
"../../../Engine/Plugins/Animation/ControlRig/Content/Controls/ControlRig_Arrow2_solid.uasset" 348
"../../../Engine/Plugins/Animation/ControlRig/Content/Controls/ControlRig_Arrow2_solid.uexp" 349
"../../../Engine/Plugins/Animation/ControlRig/Content/Controls/ControlRig_Arrow2_3mm.ubulk" 350
"../../../Engine/Plugins/Animation/ControlRig/Content/Controls/ControlRig_Arrow2_3mm.uasset" 351
"../../../Engine/Plugins/Animation/ControlRig/Content/Controls/ControlRig_Arrow2_3mm.uexp" 352
"../../../Engine/Plugins/Animation/ControlRig/Content/Controls/ControlRig_Arrow2_1mm.ubulk" 353
"../../../Engine/Plugins/Animation/ControlRig/Content/Controls/ControlRig_Arrow2_1mm.uasset" 354
"../../../Engine/Plugins/Animation/ControlRig/Content/Controls/ControlRig_Arrow2_1mm.uexp" 355
"../../../Engine/Plugins/Animation/ControlRig/Content/Controls/ControlRigXRayMaterial.uasset" 356
"../../../Engine/Plugins/Animation/ControlRig/Content/Controls/ControlRigXRayMaterial.uexp" 357
"../../../Engine/Plugins/Animation/ControlRig/Content/Controls/ControlRigGizmoMaterial.uasset" 358
"../../../Engine/Plugins/Animation/ControlRig/Content/Controls/ControlRigGizmoMaterial.uexp" 359
"../../../Engine/Plugins/Animation/ACLPlugin/Content/ACLAnimCurveCompressionSettings.uasset" 360
"../../../Engine/Plugins/Animation/ACLPlugin/Content/ACLAnimCurveCompressionSettings.uexp" 361
"../../../Engine/Plugins/Animation/ACLPlugin/Content/ACLAnimBoneCompressionSettings.uasset" 362
"../../../Engine/Plugins/Animation/ACLPlugin/Content/ACLAnimBoneCompressionSettings.uexp" 363
"../../../Engine/Plugins/2D/Paper2D/Content/PlaceholderTextures/DummySpriteTexture.ubulk" 364
"../../../Engine/Plugins/2D/Paper2D/Content/PlaceholderTextures/DummySpriteTexture.uasset" 365
"../../../Engine/Plugins/2D/Paper2D/Content/PlaceholderTextures/DummySpriteTexture.uexp" 366
"../../../Engine/Plugins/2D/Paper2D/Content/DefaultSpriteMaterial.uasset" 367
"../../../Engine/Plugins/2D/Paper2D/Content/DefaultSpriteMaterial.uexp" 368
"../../../Engine/Plugins/2D/Paper2D/Content/OpaqueUnlitSpriteMaterial.uasset" 369
"../../../Engine/Plugins/2D/Paper2D/Content/OpaqueUnlitSpriteMaterial.uexp" 370
"../../../Engine/Plugins/2D/Paper2D/Content/MaskedUnlitSpriteMaterial.uasset" 371
"../../../Engine/Plugins/2D/Paper2D/Content/MaskedUnlitSpriteMaterial.uexp" 372
"../../../Engine/Plugins/2D/Paper2D/Content/DummySprite.uasset" 373
"../../../Engine/Plugins/2D/Paper2D/Content/DummySprite.uexp" 374
"../../../Engine/Plugins/2D/Paper2D/Content/DefaultPaperTerrainMaterial.uasset" 375
"../../../Engine/Plugins/2D/Paper2D/Content/DefaultPaperTerrainMaterial.uexp" 376
"../../../Engine/Content/VREditor/TransformGizmo/StartRotationHandleIndicator.ubulk" 377
"../../../Engine/Content/VREditor/TransformGizmo/StartRotationHandleIndicator.uasset" 378
"../../../Engine/Content/VREditor/TransformGizmo/StartRotationHandleIndicator.uexp" 379
"../../../Engine/Content/VREditor/Sounds/UI/Drop_Item_From_ContentBrowser.ubulk" 380
"../../../Engine/Content/VREditor/Sounds/UI/Drop_Item_From_ContentBrowser.uasset" 381
"../../../Engine/Content/VREditor/Sounds/UI/Drop_Item_From_ContentBrowser.uexp" 382
"../../../Engine/Content/VREditor/TransformGizmo/PlaneTranslationHandle.ubulk" 383
"../../../Engine/Content/VREditor/TransformGizmo/PlaneTranslationHandle.uasset" 384
"../../../Engine/Content/VREditor/TransformGizmo/PlaneTranslationHandle.uexp" 385
"../../../Engine/Content/VREditor/Sounds/UI/Object_Snaps_To_Grid.ubulk" 386
"../../../Engine/Content/VREditor/Sounds/UI/Object_Snaps_To_Grid.uasset" 387
"../../../Engine/Content/VREditor/Sounds/UI/Object_Snaps_To_Grid.uexp" 388
"../../../Engine/Content/VREditor/Sounds/UI/Selection_Changes.ubulk" 389
"../../../Engine/Content/VREditor/Sounds/UI/Selection_Changes.uasset" 390
"../../../Engine/Content/VREditor/Sounds/UI/Selection_Changes.uexp" 391
"../../../Engine/Content/VREditor/Sounds/UI/Object_Snaps_To_Another_Actor.ubulk" 392
"../../../Engine/Content/VREditor/Sounds/UI/Object_Snaps_To_Another_Actor.uasset" 393
"../../../Engine/Content/VREditor/Sounds/UI/Object_Snaps_To_Another_Actor.uexp" 394
"../../../Engine/Content/VREditor/TransformGizmo/TranslucentTransformGizmoMaterial_Inst.uasset" 395
"../../../Engine/Content/VREditor/TransformGizmo/TranslucentTransformGizmoMaterial_Inst.uexp" 396
"../../../Engine/Content/VREditor/TransformGizmo/TransformGizmoFreeRotation.ubulk" 397
"../../../Engine/Content/VREditor/TransformGizmo/TransformGizmoFreeRotation.uasset" 398
"../../../Engine/Content/VREditor/TransformGizmo/TransformGizmoFreeRotation.uexp" 399
"../../../Engine/Content/VREditor/Sounds/UI/Scaling_Down.ubulk" 400
"../../../Engine/Content/VREditor/Sounds/UI/Scaling_Down.uasset" 401
"../../../Engine/Content/VREditor/Sounds/UI/Scaling_Down.uexp" 402
"../../../Engine/Content/Functions/Engine_MaterialFunctions02/Math/Transform3x3Matrix.uasset" 403
"../../../Engine/Content/Functions/Engine_MaterialFunctions02/Math/Transform3x3Matrix.uexp" 404
"../../../Engine/Content/Functions/Engine_MaterialFunctions02/SplitComponents.uasset" 405
"../../../Engine/Content/Functions/Engine_MaterialFunctions02/SplitComponents.uexp" 406
"../../../Engine/Content/Functions/Engine_MaterialFunctions02/Utility/MakeFloat3.uasset" 407
"../../../Engine/Content/Functions/Engine_MaterialFunctions02/Utility/MakeFloat3.uexp" 408
"../../../Engine/Content/VREditor/SnapGrid/SnapGridMaterial.uasset" 409
"../../../Engine/Content/VREditor/SnapGrid/SnapGridMaterial.uexp" 410
"../../../Engine/Content/VREditor/SnapGrid/SnapGridPlaneMesh.ubulk" 411
"../../../Engine/Content/VREditor/SnapGrid/SnapGridPlaneMesh.uasset" 412
"../../../Engine/Content/VREditor/SnapGrid/SnapGridPlaneMesh.uexp" 413
"../../../Engine/Content/VREditor/Sounds/UI/Scaling_Up.ubulk" 414
"../../../Engine/Content/VREditor/Sounds/UI/Scaling_Up.uasset" 415
"../../../Engine/Content/VREditor/Sounds/UI/Scaling_Up.uexp" 416
"../../../Engine/Content/VREditor/TransformGizmo/TransformGizmoMaterial_Inst.uasset" 417
"../../../Engine/Content/VREditor/TransformGizmo/TransformGizmoMaterial_Inst.uexp" 418
"../../../Engine/Content/VREditor/Sounds/UI/Gizmo_Handle_Clicked.ubulk" 419
"../../../Engine/Content/VREditor/Sounds/UI/Gizmo_Handle_Clicked.uasset" 420
"../../../Engine/Content/VREditor/Sounds/UI/Gizmo_Handle_Clicked.uexp" 421
"../../../Engine/Content/VREditor/TransformGizmo/RotationHandleQuarter.ubulk" 422
"../../../Engine/Content/VREditor/TransformGizmo/RotationHandleQuarter.uasset" 423
"../../../Engine/Content/VREditor/TransformGizmo/RotationHandleQuarter.uexp" 424
"../../../Engine/Content/VREditor/TransformGizmo/TranslateArrowHandle.ubulk" 425
"../../../Engine/Content/VREditor/TransformGizmo/TranslateArrowHandle.uasset" 426
"../../../Engine/Content/VREditor/TransformGizmo/TranslateArrowHandle.uexp" 427
"../../../Engine/Content/VREditor/TransformGizmo/RotationHandleIndicator.ubulk" 428
"../../../Engine/Content/VREditor/TransformGizmo/RotationHandleIndicator.uasset" 429
"../../../Engine/Content/VREditor/TransformGizmo/RotationHandleIndicator.uexp" 430
"../../../Engine/Content/VREditor/TransformGizmo/UniformScaleHandle.ubulk" 431
"../../../Engine/Content/VREditor/TransformGizmo/UniformScaleHandle.uasset" 432
"../../../Engine/Content/VREditor/TransformGizmo/UniformScaleHandle.uexp" 433
"../../../Engine/Content/VREditor/TransformGizmo/RotationHandleFull.ubulk" 434
"../../../Engine/Content/VREditor/TransformGizmo/RotationHandleFull.uasset" 435
"../../../Engine/Content/VREditor/TransformGizmo/RotationHandleFull.uexp" 436
"../../../Engine/Content/VREditor/Sounds/UI/Object_PickUp.ubulk" 437
"../../../Engine/Content/VREditor/Sounds/UI/Object_PickUp.uasset" 438
"../../../Engine/Content/VREditor/Sounds/UI/Object_PickUp.uexp" 439
"../../../Engine/Content/EngineSounds/Master.uasset" 440
"../../../Engine/Content/EngineSounds/Master.uexp" 441
"../../../Engine/Content/EngineResources/WhiteSquareTexture.uasset" 442
"../../../Engine/Content/EngineResources/WhiteSquareTexture.uexp" 443
"../../../Engine/Content/EngineMaterials/Widget3DPassThrough.uasset" 444
"../../../Engine/Content/EngineMaterials/Widget3DPassThrough.uexp" 445
"../../../Engine/Content/EngineMaterials/Widget3DPassThrough_Translucent.uasset" 446
"../../../Engine/Content/EngineMaterials/Widget3DPassThrough_Translucent.uexp" 447
"../../../Engine/Content/EngineMaterials/Widget3DPassThrough_Translucent_OneSided.uasset" 448
"../../../Engine/Content/EngineMaterials/Widget3DPassThrough_Translucent_OneSided.uexp" 449
"../../../Engine/Content/EngineMaterials/Widget3DPassThrough_Opaque.uasset" 450
"../../../Engine/Content/EngineMaterials/Widget3DPassThrough_Opaque.uexp" 451
"../../../Engine/Content/EngineMaterials/Widget3DPassThrough_Opaque_OneSided.uasset" 452
"../../../Engine/Content/EngineMaterials/Widget3DPassThrough_Opaque_OneSided.uexp" 453
"../../../Engine/Content/EngineMaterials/Widget3DPassThrough_Masked_OneSided.uasset" 454
"../../../Engine/Content/EngineMaterials/Widget3DPassThrough_Masked_OneSided.uexp" 455
"../../../Engine/Content/EngineMaterials/Widget3DPassThrough_Masked.uasset" 456
"../../../Engine/Content/EngineMaterials/Widget3DPassThrough_Masked.uexp" 457
"../../../Engine/Content/EngineMaterials/STBlueNoise_vec2_128x128x64.uasset" 458
"../../../Engine/Content/EngineMaterials/STBlueNoise_vec2_128x128x64.uexp" 459
"../../../Engine/Content/EngineMaterials/STBlueNoise_scalar_128x128x64.uasset" 460
"../../../Engine/Content/EngineMaterials/STBlueNoise_scalar_128x128x64.uexp" 461
"../../../Engine/Content/EngineMaterials/RemoveSurfaceMaterial.uasset" 462
"../../../Engine/Content/EngineMaterials/RemoveSurfaceMaterial.uexp" 463
"../../../Engine/Content/EngineMaterials/DefaultCalibrationGrayscale.uasset" 464
"../../../Engine/Content/EngineMaterials/DefaultCalibrationGrayscale.uexp" 465
"../../../Engine/Content/EngineMaterials/PPM_DefaultCalibrationGrayscale.uasset" 466
"../../../Engine/Content/EngineMaterials/PPM_DefaultCalibrationGrayscale.uexp" 467
"../../../Engine/Content/EngineMaterials/DefaultCalibrationColor.uasset" 468
"../../../Engine/Content/EngineMaterials/DefaultCalibrationColor.uexp" 469
"../../../Engine/Content/EngineMaterials/PPM_DefaultCalibrationColor.uasset" 470
"../../../Engine/Content/EngineMaterials/PPM_DefaultCalibrationColor.uexp" 471
"../../../Engine/Content/EngineMaterials/PhAT_JointLimitMaterial.uasset" 472
"../../../Engine/Content/EngineMaterials/PhAT_JointLimitMaterial.uexp" 473
"../../../Engine/Content/EngineMaterials/NaniteHiddenSectionMaterial.uasset" 474
"../../../Engine/Content/EngineMaterials/NaniteHiddenSectionMaterial.uexp" 475
"../../../Engine/Content/EngineMaterials/InvalidLightmapSettings.ubulk" 476
"../../../Engine/Content/EngineMaterials/InvalidLightmapSettings.uasset" 477
"../../../Engine/Content/EngineMaterials/InvalidLightmapSettings.uexp" 478
"../../../Engine/Content/EngineMaterials/M_InvalidLightmapSettings.uasset" 479
"../../../Engine/Content/EngineMaterials/M_InvalidLightmapSettings.uexp" 480
"../../../Engine/Content/EngineMaterials/GizmoMaterial.uasset" 481
"../../../Engine/Content/EngineMaterials/GizmoMaterial.uexp" 482
"../../../Engine/Content/EngineMaterials/BaseFlattenEmissiveMap_VT.uasset" 483
"../../../Engine/Content/EngineMaterials/BaseFlattenEmissiveMap_VT.uexp" 484
"../../../Engine/Content/EngineMaterials/BaseFlattenGrayscaleMap_VT.uasset" 485
"../../../Engine/Content/EngineMaterials/BaseFlattenGrayscaleMap_VT.uexp" 486
"../../../Engine/Content/EngineMaterials/BaseFlattenLinearColor_VT.uasset" 487
"../../../Engine/Content/EngineMaterials/BaseFlattenLinearColor_VT.uexp" 488
"../../../Engine/Content/EngineMaterials/Black_1x1_EXR_Texture_VT.uasset" 489
"../../../Engine/Content/EngineMaterials/Black_1x1_EXR_Texture_VT.uexp" 490
"../../../Engine/Content/EngineMaterials/BaseFlattenDiffuseMap_VT.uasset" 491
"../../../Engine/Content/EngineMaterials/BaseFlattenDiffuseMap_VT.uexp" 492
"../../../Engine/Content/EngineMaterials/BaseFlattenNormalMap_VT.uasset" 493
"../../../Engine/Content/EngineMaterials/BaseFlattenNormalMap_VT.uexp" 494
"../../../Engine/Content/EngineMaterials/FlattenMaterial_WS_Normal_VT.uasset" 495
"../../../Engine/Content/EngineMaterials/FlattenMaterial_WS_Normal_VT.uexp" 496
"../../../Engine/Content/EngineMaterials/FlattenMaterial_VT.uasset" 497
"../../../Engine/Content/EngineMaterials/FlattenMaterial_VT.uexp" 498
"../../../Engine/Content/EngineMaterials/BaseFlattenNormalMap.uasset" 499
"../../../Engine/Content/EngineMaterials/BaseFlattenNormalMap.uexp" 500
"../../../Engine/Content/EngineMaterials/BaseFlattenGrayscaleMap.uasset" 501
"../../../Engine/Content/EngineMaterials/BaseFlattenGrayscaleMap.uexp" 502
"../../../Engine/Content/EngineMaterials/BaseFlattenDiffuseMap.uasset" 503
"../../../Engine/Content/EngineMaterials/BaseFlattenDiffuseMap.uexp" 504
"../../../Engine/Content/Functions/Engine_MaterialFunctions02/PivotPainter2/Black_1x1_EXR_Texture.uasset" 505
"../../../Engine/Content/Functions/Engine_MaterialFunctions02/PivotPainter2/Black_1x1_EXR_Texture.uexp" 506
"../../../Engine/Content/EngineMaterials/BaseFlattenEmissiveMap.uasset" 507
"../../../Engine/Content/EngineMaterials/BaseFlattenEmissiveMap.uexp" 508
"../../../Engine/Content/EngineMaterials/BaseFlattenLinearColor.uasset" 509
"../../../Engine/Content/EngineMaterials/BaseFlattenLinearColor.uexp" 510
"../../../Engine/Content/EngineMaterials/FlattenMaterial.uasset" 511
"../../../Engine/Content/EngineMaterials/FlattenMaterial.uexp" 512
"../../../Engine/Content/EngineMaterials/DefaultWhiteGrid_Low.uasset" 513
"../../../Engine/Content/EngineMaterials/DefaultWhiteGrid_Low.uexp" 514
"../../../Engine/Content/EngineMaterials/EmissiveMeshMaterial.uasset" 515
"../../../Engine/Content/EngineMaterials/EmissiveMeshMaterial.uexp" 516
"../../../Engine/Content/EngineFonts/RobotoDistanceField.uasset" 517
"../../../Engine/Content/EngineFonts/RobotoDistanceField.uexp" 518
"../../../Engine/Content/EngineMaterials/DefaultTextMaterialOpaque.uasset" 519
"../../../Engine/Content/EngineMaterials/DefaultTextMaterialOpaque.uexp" 520
"../../../Engine/Content/EngineMaterials/DefaultDiffuse.ubulk" 521
"../../../Engine/Content/EngineMaterials/DefaultDiffuse.uasset" 522
"../../../Engine/Content/EngineMaterials/DefaultDiffuse.uexp" 523
"../../../Engine/Content/Functions/Engine_MaterialFunctions02/Utility/BreakOutFloat2Components.uasset" 524
"../../../Engine/Content/Functions/Engine_MaterialFunctions02/Utility/BreakOutFloat2Components.uexp" 525
"../../../Engine/Content/EngineMaterials/DefaultPostProcessMaterial.uasset" 526
"../../../Engine/Content/EngineMaterials/DefaultPostProcessMaterial.uexp" 527
"../../../Engine/Content/EngineMaterials/DefaultPhysicalMaterial.uasset" 528
"../../../Engine/Content/EngineMaterials/DefaultPhysicalMaterial.uexp" 529
"../../../Engine/Content/EngineMaterials/DefaultLightFunctionMaterial.uasset" 530
"../../../Engine/Content/EngineMaterials/DefaultLightFunctionMaterial.uexp" 531
"../../../Engine/Content/EngineMaterials/DefaultDestructiblePhysicalMaterial.uasset" 532
"../../../Engine/Content/EngineMaterials/DefaultDestructiblePhysicalMaterial.uexp" 533
"../../../Engine/Content/EngineMaterials/DefaultDeferredDecalMaterial.uasset" 534
"../../../Engine/Content/EngineMaterials/DefaultDeferredDecalMaterial.uexp" 535
"../../../Engine/Content/EngineMaterials/DefaultBloomKernel.uasset" 536
"../../../Engine/Content/EngineMaterials/DefaultBloomKernel.uexp" 537
"../../../Engine/Content/EngineDebugMaterials/VolumeToRender.uasset" 538
"../../../Engine/Content/EngineDebugMaterials/VolumeToRender.uexp" 539
"../../../Engine/Content/EngineDebugMaterials/M_VolumeRenderSphereTracePP.uasset" 540
"../../../Engine/Content/EngineDebugMaterials/M_VolumeRenderSphereTracePP.uexp" 541
"../../../Engine/Content/EngineDebugMaterials/M_SimpleUnlitTranslucent.uasset" 542
"../../../Engine/Content/EngineDebugMaterials/M_SimpleUnlitTranslucent.uexp" 543
"../../../Engine/Content/EngineDebugMaterials/DebugMeshMaterial.uasset" 544
"../../../Engine/Content/EngineDebugMaterials/DebugMeshMaterial.uexp" 545
"../../../Engine/Content/EngineDebugMaterials/DebugEditorMaterial.uasset" 546
"../../../Engine/Content/EngineDebugMaterials/DebugEditorMaterial.uexp" 547
"../../../Engine/Content/EngineDamageTypes/DmgTypeBP_Environmental.uasset" 548
"../../../Engine/Content/EngineDamageTypes/DmgTypeBP_Environmental.uexp" 549
"../../../Engine/Content/EditorResources/S_Terrain.ubulk" 550
"../../../Engine/Content/EditorResources/S_Terrain.uasset" 551
"../../../Engine/Content/EditorResources/S_Terrain.uexp" 552
"../../../Engine/Content/EditorResources/EmptyActor.uasset" 553
"../../../Engine/Content/EditorResources/EmptyActor.uexp" 554
"../../../Engine/Content/EditorResources/BSPVertex.uasset" 555
"../../../Engine/Content/EditorResources/BSPVertex.uexp" 556
"../../../Engine/Content/EditorMaterials/PreviewShadowIndicator.ubulk" 557
"../../../Engine/Content/EditorMaterials/PreviewShadowIndicator.uasset" 558
"../../../Engine/Content/EditorMaterials/PreviewShadowIndicator.uexp" 559
"../../../Engine/Content/EditorMaterials/PreviewShadowIndicatorMaterial.uasset" 560
"../../../Engine/Content/EditorMaterials/PreviewShadowIndicatorMaterial.uexp" 561
"../../../Engine/Content/EditorMaterials/PhAT_UnselectedMaterial.uasset" 562
"../../../Engine/Content/EditorMaterials/PhAT_UnselectedMaterial.uexp" 563
"../../../Engine/Content/EditorMaterials/PhAT_NoCollisionMaterial.uasset" 564
"../../../Engine/Content/EditorMaterials/PhAT_NoCollisionMaterial.uexp" 565
"../../../Engine/Content/EditorLandscapeResources/DefaultAlphaTexture.uasset" 566
"../../../Engine/Content/EditorLandscapeResources/DefaultAlphaTexture.uexp" 567
"../../../Engine/Content/EditorLandscapeResources/DataLayer.uasset" 568
"../../../Engine/Content/EditorLandscapeResources/DataLayer.uexp" 569
"../../../Engine/Content/EngineMaterials/DefaultMaterial.uasset" 570
"../../../Engine/Content/EngineMaterials/DefaultMaterial.uexp" 571
"../../../Engine/Content/BasicShapes/Sphere.ubulk" 572
"../../../Engine/Content/BasicShapes/Sphere.uasset" 573
"../../../Engine/Content/BasicShapes/Sphere.uexp" 574
"../../../Engine/Content/BasicShapes/Cube.ubulk" 575
"../../../Engine/Content/BasicShapes/Cube.uasset" 576
"../../../Engine/Content/BasicShapes/Cube.uexp" 577
"../../../Engine/Content/BasicShapes/Cone.ubulk" 578
"../../../Engine/Content/BasicShapes/Cone.uasset" 579
"../../../Engine/Content/BasicShapes/Cone.uexp" 580
"../../../Engine/Content/Animation/DefaultVariableFrameStrippingSettings.uasset" 581
"../../../Engine/Content/Animation/DefaultVariableFrameStrippingSettings.uexp" 582
"../../../Engine/Content/Animation/DefaultRecorderBoneCompression.uasset" 583
"../../../Engine/Content/Animation/DefaultRecorderBoneCompression.uexp" 584
"../../../Engine/Content/Functions/Engine_MaterialFunctions02/Math/AddComponents.uasset" 585
"../../../Engine/Content/Functions/Engine_MaterialFunctions02/Math/AddComponents.uexp" 586
"../../../Engine/Content/Functions/Engine_MaterialFunctions01/Texturing/FlattenNormal.uasset" 587
"../../../Engine/Content/Functions/Engine_MaterialFunctions01/Texturing/FlattenNormal.uexp" 588
"../../../Engine/Content/EngineSky/VolumetricClouds/CloudWeatherTexture.uasset" 589
"../../../Engine/Content/EngineSky/VolumetricClouds/CloudWeatherTexture.uexp" 590
"../../../Engine/Content/Functions/Engine_MaterialFunctions02/Utility/MakeFloat2.uasset" 591
"../../../Engine/Content/Functions/Engine_MaterialFunctions02/Utility/MakeFloat2.uexp" 592
"../../../Engine/Content/EngineSky/VolumetricClouds/CloudGradientTexture.uasset" 593
"../../../Engine/Content/EngineSky/VolumetricClouds/CloudGradientTexture.uexp" 594
"../../../Engine/Content/EngineSky/VolumetricClouds/T_NoiseShape64.ubulk" 595
"../../../Engine/Content/EngineSky/VolumetricClouds/T_NoiseShape64.uasset" 596
"../../../Engine/Content/EngineSky/VolumetricClouds/T_NoiseShape64.uexp" 597
"../../../Engine/Content/EngineSky/VolumetricClouds/T_VolumeNoiseShape64.uasset" 598
"../../../Engine/Content/EngineSky/VolumetricClouds/T_VolumeNoiseShape64.uexp" 599
"../../../Engine/Content/EngineSky/VolumetricClouds/T_NoiseErosion.ubulk" 600
"../../../Engine/Content/EngineSky/VolumetricClouds/T_NoiseErosion.uasset" 601
"../../../Engine/Content/EngineSky/VolumetricClouds/T_NoiseErosion.uexp" 602
"../../../Engine/Content/EngineSky/VolumetricClouds/T_VolumeNoiseErosion32.uasset" 603
"../../../Engine/Content/EngineSky/VolumetricClouds/T_VolumeNoiseErosion32.uexp" 604
"../../../Engine/Content/EngineSky/VolumetricClouds/m_SimpleVolumetricCloud.uasset" 605
"../../../Engine/Content/EngineSky/VolumetricClouds/m_SimpleVolumetricCloud.uexp" 606
"../../../Engine/Content/EngineSky/VolumetricClouds/m_SimpleVolumetricCloud_Inst.uasset" 607
"../../../Engine/Content/EngineSky/VolumetricClouds/m_SimpleVolumetricCloud_Inst.uexp" 608
"../../../Engine/Content/EngineResources/FilmGrains/Marcie_Grain_v3_128_M2_000.uasset" 609
"../../../Engine/Content/EngineResources/FilmGrains/Marcie_Grain_v3_128_M2_000.uexp" 610
"../../../Engine/Content/EditorResources/SequenceRecorder/RecordingIndicator.uasset" 611
"../../../Engine/Content/EditorResources/SequenceRecorder/RecordingIndicator.uexp" 612
"../../../Engine/Content/EditorResources/SequenceRecorder/Countdown.uasset" 613
"../../../Engine/Content/EditorResources/SequenceRecorder/Countdown.uexp" 614
"../../../Engine/Content/EditorMaterials/Dataflow/DataflowVertexMaterial.uasset" 615
"../../../Engine/Content/EditorMaterials/Dataflow/DataflowVertexMaterial.uexp" 616
"../../../Engine/Content/Functions/Engine_MaterialFunctions01/Shading/PowerToRoughness.uasset" 617
"../../../Engine/Content/Functions/Engine_MaterialFunctions01/Shading/PowerToRoughness.uexp" 618
"../../../Engine/Content/Functions/Engine_MaterialFunctions01/Shading/ConvertFromDiffSpec.uasset" 619
"../../../Engine/Content/Functions/Engine_MaterialFunctions01/Shading/ConvertFromDiffSpec.uexp" 620
"../../../Engine/Content/EngineMaterials/Substrate/Volume/SubstrateSimpleVolumeLUT3D.uasset" 621
"../../../Engine/Content/EngineMaterials/Substrate/Volume/SubstrateSimpleVolumeLUT3D.uexp" 622
"../../../Engine/Content/EngineMaterials/Substrate/Volume/SubstrateSimpleVolumeEnvLUT3D.uasset" 623
"../../../Engine/Content/EngineMaterials/Substrate/Volume/SubstrateSimpleVolumeEnvLUT3D.uexp" 624
"../../../Engine/Content/EngineMaterials/Substrate/GLints2/AGlintTex2dArray2.uasset" 625
"../../../Engine/Content/EngineMaterials/Substrate/GLints2/AGlintTex2dArray2.uexp" 626
"../../../Engine/Content/EngineMaterials/Substrate/GLints/AGlintTex2dArray.uasset" 627
"../../../Engine/Content/EngineMaterials/Substrate/GLints/AGlintTex2dArray.uexp" 628
"../../../Engine/Content/Maps/Entry_BuiltData.uasset" 629
"../../../Engine/Content/Maps/Entry_BuiltData.uexp" 630
"../../../Engine/Content/Maps/Entry.uexp" 631
"../../../Engine/Content/Maps/Entry.umap" 632
"C:/Users/User/Documents/Unreal Projects/UnrealProjektasAR/Content/MCO_Mocap_Basics/Character/Mesh/UE4_Mannequin_Skeleton.uasset" 633
"C:/Users/User/Documents/Unreal Projects/UnrealProjektasAR/Content/MCO_Mocap_Basics/Character/Mesh/UE4_Mannequin_Skeleton.uexp" 634
"C:/Users/User/Documents/Unreal Projects/UnrealProjektasAR/Content/MCO_Mocap_Basics/Animation/Mobility_Pro/Root_Motion/MOB1_Stand_Relaxed_Death_B.uasset" 635
"C:/Users/User/Documents/Unreal Projects/UnrealProjektasAR/Content/MCO_Mocap_Basics/Animation/Mobility_Pro/Root_Motion/MOB1_Stand_Relaxed_Death_B.uexp" 636
"C:/Users/User/Documents/Unreal Projects/UnrealProjektasAR/Content/MCO_Mocap_Basics/Animation/Mobility_Pro/Root_Motion/MOB1_Crouch_Idle_V2.uasset" 637
"C:/Users/User/Documents/Unreal Projects/UnrealProjektasAR/Content/MCO_Mocap_Basics/Animation/Mobility_Pro/Root_Motion/MOB1_Crouch_Idle_V2.uexp" 638
"C:/Users/User/Documents/Unreal Projects/UnrealProjektasAR/Content/MCO_Mocap_Basics/Animation/Mobility_Pro/Root_Motion/MOB1_Stand_Relaxed_Fgt_v4.uasset" 639
"C:/Users/User/Documents/Unreal Projects/UnrealProjektasAR/Content/MCO_Mocap_Basics/Animation/Mobility_Pro/Root_Motion/MOB1_Stand_Relaxed_Fgt_v4.uexp" 640
"C:/Users/User/Documents/Unreal Projects/UnrealProjektasAR/Content/MCO_Mocap_Basics/Animation/Mobility_Pro/In_Place/MOB1_Run_F_IPC.uasset" 641
"C:/Users/User/Documents/Unreal Projects/UnrealProjektasAR/Content/MCO_Mocap_Basics/Animation/Mobility_Pro/In_Place/MOB1_Run_F_IPC.uexp" 642
"C:/Users/User/Documents/Unreal Projects/UnrealProjektasAR/Content/MCO_Mocap_Basics/Character/Materials/MaterialLayers/ML_Plastic_Shiny_Beige.uasset" 643
"C:/Users/User/Documents/Unreal Projects/UnrealProjektasAR/Content/MCO_Mocap_Basics/Character/Materials/MaterialLayers/ML_Plastic_Shiny_Beige.uexp" 644
"C:/Users/User/Documents/Unreal Projects/UnrealProjektasAR/Content/MCO_Mocap_Basics/Character/Textures/UE4_LOGO_CARD.ubulk" 645
"C:/Users/User/Documents/Unreal Projects/UnrealProjektasAR/Content/MCO_Mocap_Basics/Character/Textures/UE4_LOGO_CARD.uasset" 646
"C:/Users/User/Documents/Unreal Projects/UnrealProjektasAR/Content/MCO_Mocap_Basics/Character/Textures/UE4_LOGO_CARD.uexp" 647
"C:/Users/User/Documents/Unreal Projects/UnrealProjektasAR/Content/MCO_Mocap_Basics/Character/Materials/MaterialLayers/ML_Plastic_Shiny_Beige_LOGO.uasset" 648
"C:/Users/User/Documents/Unreal Projects/UnrealProjektasAR/Content/MCO_Mocap_Basics/Character/Materials/MaterialLayers/ML_Plastic_Shiny_Beige_LOGO.uexp" 649
"../../../Engine/Content/Functions/Engine_MaterialFunctions02/Utility/BlendAngleCorrectedNormals.uasset" 650
"../../../Engine/Content/Functions/Engine_MaterialFunctions02/Utility/BlendAngleCorrectedNormals.uexp" 651
"../../../Engine/Content/Functions/MaterialLayerFunctions/MatLayerBlend_NormalBlend.uasset" 652
"../../../Engine/Content/Functions/MaterialLayerFunctions/MatLayerBlend_NormalBlend.uexp" 653
"C:/Users/User/Documents/Unreal Projects/UnrealProjektasAR/Content/MCO_Mocap_Basics/Character/Materials/MaterialLayers/T_ML_Aluminum01.ubulk" 654
"C:/Users/User/Documents/Unreal Projects/UnrealProjektasAR/Content/MCO_Mocap_Basics/Character/Materials/MaterialLayers/T_ML_Aluminum01.uasset" 655
"C:/Users/User/Documents/Unreal Projects/UnrealProjektasAR/Content/MCO_Mocap_Basics/Character/Materials/MaterialLayers/T_ML_Aluminum01.uexp" 656
"C:/Users/User/Documents/Unreal Projects/UnrealProjektasAR/Content/MCO_Mocap_Basics/Character/Materials/MaterialLayers/T_ML_Aluminum01_N.ubulk" 657
"C:/Users/User/Documents/Unreal Projects/UnrealProjektasAR/Content/MCO_Mocap_Basics/Character/Materials/MaterialLayers/T_ML_Aluminum01_N.uasset" 658
"C:/Users/User/Documents/Unreal Projects/UnrealProjektasAR/Content/MCO_Mocap_Basics/Character/Materials/MaterialLayers/T_ML_Aluminum01_N.uexp" 659
"C:/Users/User/Documents/Unreal Projects/UnrealProjektasAR/Content/MCO_Mocap_Basics/Character/Materials/MaterialLayers/ML_SoftMetal_UE4.uasset" 660
"C:/Users/User/Documents/Unreal Projects/UnrealProjektasAR/Content/MCO_Mocap_Basics/Character/Materials/MaterialLayers/ML_SoftMetal_UE4.uexp" 661
"C:/Users/User/Documents/Unreal Projects/UnrealProjektasAR/Content/MCO_Mocap_Basics/Character/Materials/MaterialLayers/T_ML_Rubber_Blue_01_D.ubulk" 662
"C:/Users/User/Documents/Unreal Projects/UnrealProjektasAR/Content/MCO_Mocap_Basics/Character/Materials/MaterialLayers/T_ML_Rubber_Blue_01_D.uasset" 663
"C:/Users/User/Documents/Unreal Projects/UnrealProjektasAR/Content/MCO_Mocap_Basics/Character/Materials/MaterialLayers/T_ML_Rubber_Blue_01_D.uexp" 664
"C:/Users/User/Documents/Unreal Projects/UnrealProjektasAR/Content/MCO_Mocap_Basics/Character/Materials/MaterialLayers/T_ML_Rubber_Blue_01_N.ubulk" 665
"C:/Users/User/Documents/Unreal Projects/UnrealProjektasAR/Content/MCO_Mocap_Basics/Character/Materials/MaterialLayers/T_ML_Rubber_Blue_01_N.uasset" 666
"C:/Users/User/Documents/Unreal Projects/UnrealProjektasAR/Content/MCO_Mocap_Basics/Character/Materials/MaterialLayers/T_ML_Rubber_Blue_01_N.uexp" 667
"C:/Users/User/Documents/Unreal Projects/UnrealProjektasAR/Content/MCO_Mocap_Basics/Character/Materials/MaterialLayers/ML_GlossyBlack_Latex_UE4.uasset" 668
"C:/Users/User/Documents/Unreal Projects/UnrealProjektasAR/Content/MCO_Mocap_Basics/Character/Materials/MaterialLayers/ML_GlossyBlack_Latex_UE4.uexp" 669
"C:/Users/User/Documents/Unreal Projects/UnrealProjektasAR/Content/MCO_Mocap_Basics/Character/Textures/UE4_Mannequin_MAT_MASKA.ubulk" 670
"C:/Users/User/Documents/Unreal Projects/UnrealProjektasAR/Content/MCO_Mocap_Basics/Character/Textures/UE4_Mannequin_MAT_MASKA.uasset" 671
"C:/Users/User/Documents/Unreal Projects/UnrealProjektasAR/Content/MCO_Mocap_Basics/Character/Textures/UE4_Mannequin_MAT_MASKA.uexp" 672
"../../../Engine/Content/Functions/MaterialLayerFunctions/MatLayerBlend_Simple.uasset" 673
"../../../Engine/Content/Functions/MaterialLayerFunctions/MatLayerBlend_Simple.uexp" 674
"C:/Users/User/Documents/Unreal Projects/UnrealProjektasAR/Content/MCO_Mocap_Basics/Character/Textures/UE4_Mannequin_occlusion.ubulk" 675
"C:/Users/User/Documents/Unreal Projects/UnrealProjektasAR/Content/MCO_Mocap_Basics/Character/Textures/UE4_Mannequin_occlusion.uasset" 676
"C:/Users/User/Documents/Unreal Projects/UnrealProjektasAR/Content/MCO_Mocap_Basics/Character/Textures/UE4_Mannequin_occlusion.uexp" 677
"../../../Engine/Content/Functions/MaterialLayerFunctions/MatLayerBlend_AO.uasset" 678
"../../../Engine/Content/Functions/MaterialLayerFunctions/MatLayerBlend_AO.uexp" 679
"C:/Users/User/Documents/Unreal Projects/UnrealProjektasAR/Content/MCO_Mocap_Basics/Character/Textures/UE4_Mannequin__normals.ubulk" 680
"C:/Users/User/Documents/Unreal Projects/UnrealProjektasAR/Content/MCO_Mocap_Basics/Character/Textures/UE4_Mannequin__normals.uasset" 681
"C:/Users/User/Documents/Unreal Projects/UnrealProjektasAR/Content/MCO_Mocap_Basics/Character/Textures/UE4_Mannequin__normals.uexp" 682
"C:/Users/User/Documents/Unreal Projects/UnrealProjektasAR/Content/MCO_Mocap_Basics/Character/Materials/M_UE4Man_Body.uasset" 683
"C:/Users/User/Documents/Unreal Projects/UnrealProjektasAR/Content/MCO_Mocap_Basics/Character/Materials/M_UE4Man_Body.uexp" 684
"C:/Users/User/Documents/Unreal Projects/UnrealProjektasAR/Content/MCO_Mocap_Basics/Character/Textures/UE4Man_Logo_N.ubulk" 685
"C:/Users/User/Documents/Unreal Projects/UnrealProjektasAR/Content/MCO_Mocap_Basics/Character/Textures/UE4Man_Logo_N.uasset" 686
"C:/Users/User/Documents/Unreal Projects/UnrealProjektasAR/Content/MCO_Mocap_Basics/Character/Textures/UE4Man_Logo_N.uexp" 687
"C:/Users/User/Documents/Unreal Projects/UnrealProjektasAR/Content/MCO_Mocap_Basics/Character/Materials/M_UE4Man_ChestLogo.uasset" 688
"C:/Users/User/Documents/Unreal Projects/UnrealProjektasAR/Content/MCO_Mocap_Basics/Character/Materials/M_UE4Man_ChestLogo.uexp" 689
"C:/Users/User/Documents/Unreal Projects/UnrealProjektasAR/Content/MCO_Mocap_Basics/Character/Mesh/SK_Mannequin_PhysicsAsset.uasset" 690
"C:/Users/User/Documents/Unreal Projects/UnrealProjektasAR/Content/MCO_Mocap_Basics/Character/Mesh/SK_Mannequin_PhysicsAsset.uexp" 691
"C:/Users/User/Documents/Unreal Projects/UnrealProjektasAR/Content/MCO_Mocap_Basics/Character/Mesh/SK_Mannequin.uasset" 692
"C:/Users/User/Documents/Unreal Projects/UnrealProjektasAR/Content/MCO_Mocap_Basics/Character/Mesh/SK_Mannequin.uexp" 693
"C:/Users/User/Documents/Unreal Projects/UnrealProjektasAR/Content/MCO_Mocap_Basics/Animation/Mobility_Pro/In_Place/MOB1_Walk_F_IPC.uasset" 694
"C:/Users/User/Documents/Unreal Projects/UnrealProjektasAR/Content/MCO_Mocap_Basics/Animation/Mobility_Pro/In_Place/MOB1_Walk_F_IPC.uexp" 695
"C:/Users/User/Documents/Unreal Projects/UnrealProjektasAR/Content/MCO_Mocap_Basics/Animation/Mobility_Pro/In_Place/MOB1_CrouchWalk_F_IPC.uasset" 696
"C:/Users/User/Documents/Unreal Projects/UnrealProjektasAR/Content/MCO_Mocap_Basics/Animation/Mobility_Pro/In_Place/MOB1_CrouchWalk_F_IPC.uexp" 697
"C:/Users/User/Documents/Unreal Projects/UnrealProjektasAR/Content/MCO_Mocap_Basics/Animation/Walks/In_Place/Walk_02_Cheerful_Loop_IP.uasset" 698
"C:/Users/User/Documents/Unreal Projects/UnrealProjektasAR/Content/MCO_Mocap_Basics/Animation/Walks/In_Place/Walk_02_Cheerful_Loop_IP.uexp" 699
"C:/Users/User/Documents/Unreal Projects/UnrealProjektasAR/Content/MCO_Mocap_Basics/Character/Mesh/BP_Actor.uasset" 700
"C:/Users/User/Documents/Unreal Projects/UnrealProjektasAR/Content/MCO_Mocap_Basics/Character/Mesh/BP_Actor.uexp" 701
"C:/Users/User/Documents/Unreal Projects/UnrealProjektasAR/Content/WB_UI.uasset" 702
"C:/Users/User/Documents/Unreal Projects/UnrealProjektasAR/Content/WB_UI.uexp" 703
"C:/Users/User/Documents/Unreal Projects/UnrealProjektasAR/Content/Blueprints/NewHUD.uasset" 704
"C:/Users/User/Documents/Unreal Projects/UnrealProjektasAR/Content/Blueprints/NewHUD.uexp" 705
"C:/Users/User/Documents/Unreal Projects/UnrealProjektasAR/Content/HandheldAR/Blueprints/GameFramework/BP_ARPlayerController.uasset" 706
"C:/Users/User/Documents/Unreal Projects/UnrealProjektasAR/Content/HandheldAR/Blueprints/GameFramework/BP_ARPlayerController.uexp" 707
"C:/Users/User/Documents/Unreal Projects/UnrealProjektasAR/Content/HandheldAR/Blueprints/GameFramework/ENUM_GestureType.uasset" 708
"C:/Users/User/Documents/Unreal Projects/UnrealProjektasAR/Content/HandheldAR/Blueprints/GameFramework/ENUM_GestureType.uexp" 709
"C:/Users/User/Documents/Unreal Projects/UnrealProjektasAR/Content/HandheldAR/Blueprints/Placeable/Textures/T_Square.ubulk" 710
"C:/Users/User/Documents/Unreal Projects/UnrealProjektasAR/Content/HandheldAR/Blueprints/Placeable/Textures/T_Square.uasset" 711
"C:/Users/User/Documents/Unreal Projects/UnrealProjektasAR/Content/HandheldAR/Blueprints/Placeable/Textures/T_Square.uexp" 712
"../../../Engine/Content/BasicShapes/Cylinder.ubulk" 713
"../../../Engine/Content/BasicShapes/Cylinder.uasset" 714
"../../../Engine/Content/BasicShapes/Cylinder.uexp" 715
"../../../Engine/Content/BasicShapes/Plane.ubulk" 716
"../../../Engine/Content/BasicShapes/Plane.uasset" 717
"../../../Engine/Content/BasicShapes/Plane.uexp" 718
"C:/Users/User/Documents/Unreal Projects/UnrealProjektasAR/Content/HandheldAR/Blueprints/Placeable/Mesh/SM_ArrowBody.ubulk" 719
"C:/Users/User/Documents/Unreal Projects/UnrealProjektasAR/Content/HandheldAR/Blueprints/Placeable/Mesh/SM_ArrowBody.uasset" 720
"C:/Users/User/Documents/Unreal Projects/UnrealProjektasAR/Content/HandheldAR/Blueprints/Placeable/Mesh/SM_ArrowBody.uexp" 721
"C:/Users/User/Documents/Unreal Projects/UnrealProjektasAR/Content/HandheldAR/Blueprints/UI/Icons/T_Icon_Scale.uasset" 722
"C:/Users/User/Documents/Unreal Projects/UnrealProjektasAR/Content/HandheldAR/Blueprints/UI/Icons/T_Icon_Scale.uexp" 723
"../../../Engine/Content/ArtTools/RenderToTexture/Textures/127grey.uasset" 724
"../../../Engine/Content/ArtTools/RenderToTexture/Textures/127grey.uexp" 725
"../../../Engine/Content/Functions/Engine_MaterialFunctions01/Gradient/LinearGradient.uasset" 726
"../../../Engine/Content/Functions/Engine_MaterialFunctions01/Gradient/LinearGradient.uexp" 727
"../../../Engine/Content/Functions/Engine_MaterialFunctions01/ImageAdjustment/CheapContrast.uasset" 728
"../../../Engine/Content/Functions/Engine_MaterialFunctions01/ImageAdjustment/CheapContrast.uexp" 729
"C:/Users/User/Documents/Unreal Projects/UnrealProjektasAR/Content/HandheldAR/Blueprints/Placeable/Materials/MF_CircularScan.uasset" 730
"C:/Users/User/Documents/Unreal Projects/UnrealProjektasAR/Content/HandheldAR/Blueprints/Placeable/Materials/MF_CircularScan.uexp" 731
"C:/Users/User/Documents/Unreal Projects/UnrealProjektasAR/Content/HandheldAR/Blueprints/Placeable/Materials/M_Plane_02.uasset" 732
"C:/Users/User/Documents/Unreal Projects/UnrealProjektasAR/Content/HandheldAR/Blueprints/Placeable/Materials/M_Plane_02.uexp" 733
"C:/Users/User/Documents/Unreal Projects/UnrealProjektasAR/Content/HandheldAR/Blueprints/Placeable/Materials/MF_DistanceFalloff.uasset" 734
"C:/Users/User/Documents/Unreal Projects/UnrealProjektasAR/Content/HandheldAR/Blueprints/Placeable/Materials/MF_DistanceFalloff.uexp" 735
"C:/Users/User/Documents/Unreal Projects/UnrealProjektasAR/Content/HandheldAR/Blueprints/Placeable/Materials/M_Plane_Fallback.uasset" 736
"C:/Users/User/Documents/Unreal Projects/UnrealProjektasAR/Content/HandheldAR/Blueprints/Placeable/Materials/M_Plane_Fallback.uexp" 737
"C:/Users/User/Documents/Unreal Projects/UnrealProjektasAR/Content/HandheldAR/Blueprints/Placeable/Materials/M_Plane_Plain.uasset" 738
"C:/Users/User/Documents/Unreal Projects/UnrealProjektasAR/Content/HandheldAR/Blueprints/Placeable/Materials/M_Plane_Plain.uexp" 739
"C:/Users/User/Documents/Unreal Projects/UnrealProjektasAR/Content/HandheldAR/Blueprints/Placeable/Materials/M_Plane_01.uasset" 740
"C:/Users/User/Documents/Unreal Projects/UnrealProjektasAR/Content/HandheldAR/Blueprints/Placeable/Materials/M_Plane_01.uexp" 741
"../../../Engine/Content/EditorBlueprintResources/StandardMacros.uasset" 742
"../../../Engine/Content/EditorBlueprintResources/StandardMacros.uexp" 743
"C:/Users/User/Documents/Unreal Projects/UnrealProjektasAR/Content/HandheldAR/Blueprints/Placeable/BP_Plane.uasset" 744
"C:/Users/User/Documents/Unreal Projects/UnrealProjektasAR/Content/HandheldAR/Blueprints/Placeable/BP_Plane.uexp" 745
"C:/Users/User/Documents/Unreal Projects/UnrealProjektasAR/Content/HandheldAR/Blueprints/Placeable/Textures/T_CirclePlate.uasset" 746
"C:/Users/User/Documents/Unreal Projects/UnrealProjektasAR/Content/HandheldAR/Blueprints/Placeable/Textures/T_CirclePlate.uexp" 747
"C:/Users/User/Documents/Unreal Projects/UnrealProjektasAR/Content/HandheldAR/Blueprints/Placeable/Materials/M_Placeable.uasset" 748
"C:/Users/User/Documents/Unreal Projects/UnrealProjektasAR/Content/HandheldAR/Blueprints/Placeable/Materials/M_Placeable.uexp" 749
"C:/Users/User/Documents/Unreal Projects/UnrealProjektasAR/Content/HandheldAR/Blueprints/Placeable/Mesh/SM_Plate.ubulk" 750
"C:/Users/User/Documents/Unreal Projects/UnrealProjektasAR/Content/HandheldAR/Blueprints/Placeable/Mesh/SM_Plate.uasset" 751
"C:/Users/User/Documents/Unreal Projects/UnrealProjektasAR/Content/HandheldAR/Blueprints/Placeable/Mesh/SM_Plate.uexp" 752
"C:/Users/User/Documents/Unreal Projects/UnrealProjektasAR/Content/HandheldAR/Blueprints/Placeable/Textures/T_SquarePlate.uasset" 753
"C:/Users/User/Documents/Unreal Projects/UnrealProjektasAR/Content/HandheldAR/Blueprints/Placeable/Textures/T_SquarePlate.uexp" 754
"C:/Users/User/Documents/Unreal Projects/UnrealProjektasAR/Content/HandheldAR/Blueprints/Placeable/Materials/M_Arrow.uasset" 755
"C:/Users/User/Documents/Unreal Projects/UnrealProjektasAR/Content/HandheldAR/Blueprints/Placeable/Materials/M_Arrow.uexp" 756
"C:/Users/User/Documents/Unreal Projects/UnrealProjektasAR/Content/HandheldAR/Blueprints/UI/Icons/T_Icon_Rotate.uasset" 757
"C:/Users/User/Documents/Unreal Projects/UnrealProjektasAR/Content/HandheldAR/Blueprints/UI/Icons/T_Icon_Rotate.uexp" 758
"C:/Users/User/Documents/Unreal Projects/UnrealProjektasAR/Content/HandheldAR/Blueprints/Placeable/Mesh/SM_ArrowHead.ubulk" 759
"C:/Users/User/Documents/Unreal Projects/UnrealProjektasAR/Content/HandheldAR/Blueprints/Placeable/Mesh/SM_ArrowHead.uasset" 760
"C:/Users/User/Documents/Unreal Projects/UnrealProjektasAR/Content/HandheldAR/Blueprints/Placeable/Mesh/SM_ArrowHead.uexp" 761
"../../../Engine/Content/BasicShapes/BasicShapeMaterial.uasset" 762
"../../../Engine/Content/BasicShapes/BasicShapeMaterial.uexp" 763
"C:/Users/User/Documents/Unreal Projects/UnrealProjektasAR/Content/ProductAssets/Materials/M_Plastic.uasset" 764
"C:/Users/User/Documents/Unreal Projects/UnrealProjektasAR/Content/ProductAssets/Materials/M_Plastic.uexp" 765
"C:/Users/User/Documents/Unreal Projects/UnrealProjektasAR/Content/ProductAssets/Mesh/SM_Manequin.ubulk" 766
"C:/Users/User/Documents/Unreal Projects/UnrealProjektasAR/Content/ProductAssets/Mesh/SM_Manequin.uasset" 767
"C:/Users/User/Documents/Unreal Projects/UnrealProjektasAR/Content/ProductAssets/Mesh/SM_Manequin.uexp" 768
"C:/Users/User/Documents/Unreal Projects/UnrealProjektasAR/Content/ProductAssets/BP_ProductAssetRef.uasset" 769
"C:/Users/User/Documents/Unreal Projects/UnrealProjektasAR/Content/ProductAssets/BP_ProductAssetRef.uexp" 770
"C:/Users/User/Documents/Unreal Projects/UnrealProjektasAR/Content/HandheldAR/Blueprints/UI/Icons/T_Icon_Move.uasset" 771
"C:/Users/User/Documents/Unreal Projects/UnrealProjektasAR/Content/HandheldAR/Blueprints/UI/Icons/T_Icon_Move.uexp" 772
"C:/Users/User/Documents/Unreal Projects/UnrealProjektasAR/Content/HandheldAR/Blueprints/Placeable/Textures/T_Shadow.uasset" 773
"C:/Users/User/Documents/Unreal Projects/UnrealProjektasAR/Content/HandheldAR/Blueprints/Placeable/Textures/T_Shadow.uexp" 774
"C:/Users/User/Documents/Unreal Projects/UnrealProjektasAR/Content/HandheldAR/Blueprints/Placeable/Materials/M_Shadow.uasset" 775
"C:/Users/User/Documents/Unreal Projects/UnrealProjektasAR/Content/HandheldAR/Blueprints/Placeable/Materials/M_Shadow.uexp" 776
"C:/Users/User/Documents/Unreal Projects/UnrealProjektasAR/Content/HandheldAR/Blueprints/Placeable/BP_InteractionHUD.uasset" 777
"C:/Users/User/Documents/Unreal Projects/UnrealProjektasAR/Content/HandheldAR/Blueprints/Placeable/BP_InteractionHUD.uexp" 778
"C:/Users/User/Documents/Unreal Projects/UnrealProjektasAR/Content/HandheldAR/Blueprints/Placeable/BP_Placeable.uasset" 779
"C:/Users/User/Documents/Unreal Projects/UnrealProjektasAR/Content/HandheldAR/Blueprints/Placeable/BP_Placeable.uexp" 780
"C:/Users/User/Documents/Unreal Projects/UnrealProjektasAR/Content/HandheldAR/Blueprints/UI/Icons/T_Icon_Right.uasset" 781
"C:/Users/User/Documents/Unreal Projects/UnrealProjektasAR/Content/HandheldAR/Blueprints/UI/Icons/T_Icon_Right.uexp" 782
"C:/Users/User/Documents/Unreal Projects/UnrealProjektasAR/Content/HandheldAR/Blueprints/UI/Icons/T_Icon_Close.uasset" 783
"C:/Users/User/Documents/Unreal Projects/UnrealProjektasAR/Content/HandheldAR/Blueprints/UI/Icons/T_Icon_Close.uexp" 784
"C:/Users/User/Documents/Unreal Projects/UnrealProjektasAR/Content/HandheldAR/Blueprints/UI/Icons/T_Icon_Snapshot_01.uasset" 785
"C:/Users/User/Documents/Unreal Projects/UnrealProjektasAR/Content/HandheldAR/Blueprints/UI/Icons/T_Icon_Snapshot_01.uexp" 786
"C:/Users/User/Documents/Unreal Projects/UnrealProjektasAR/Content/HandheldAR/Blueprints/UI/Icons/T_Capsule_Center_02.uasset" 787
"C:/Users/User/Documents/Unreal Projects/UnrealProjektasAR/Content/HandheldAR/Blueprints/UI/Icons/T_Capsule_Center_02.uexp" 788
"C:/Users/User/Documents/Unreal Projects/UnrealProjektasAR/Content/HandheldAR/Blueprints/UI/Icons/T_Icon_OFF_02.uasset" 789
"C:/Users/User/Documents/Unreal Projects/UnrealProjektasAR/Content/HandheldAR/Blueprints/UI/Icons/T_Icon_OFF_02.uexp" 790
"C:/Users/User/Documents/Unreal Projects/UnrealProjektasAR/Content/HandheldAR/Blueprints/UI/Icons/T_Icon_Info_02.uasset" 791
"C:/Users/User/Documents/Unreal Projects/UnrealProjektasAR/Content/HandheldAR/Blueprints/UI/Icons/T_Icon_Info_02.uexp" 792
"C:/Users/User/Documents/Unreal Projects/UnrealProjektasAR/Content/HandheldAR/Blueprints/UI/Icons/T_Capsule_Left_02.uasset" 793
"C:/Users/User/Documents/Unreal Projects/UnrealProjektasAR/Content/HandheldAR/Blueprints/UI/Icons/T_Capsule_Left_02.uexp" 794
"C:/Users/User/Documents/Unreal Projects/UnrealProjektasAR/Content/HandheldAR/Blueprints/UI/Icons/T_Icon_Close_02.uasset" 795
"C:/Users/User/Documents/Unreal Projects/UnrealProjektasAR/Content/HandheldAR/Blueprints/UI/Icons/T_Icon_Close_02.uexp" 796
"C:/Users/User/Documents/Unreal Projects/UnrealProjektasAR/Content/HandheldAR/Blueprints/UI/Icons/T_Icon_ON.uasset" 797
"C:/Users/User/Documents/Unreal Projects/UnrealProjektasAR/Content/HandheldAR/Blueprints/UI/Icons/T_Icon_ON.uexp" 798
"../../../Engine/Content/EngineFonts/Faces/RobotoLight.uexp" 799
"../../../Engine/Content/EngineFonts/Faces/RobotoLight.uasset" 800
"../../../Engine/Content/EngineFonts/Faces/RobotoLight.ufont" 801
"../../../Engine/Content/EngineFonts/Faces/RobotoBold.uexp" 802
"../../../Engine/Content/EngineFonts/Faces/RobotoBold.uasset" 803
"../../../Engine/Content/EngineFonts/Faces/RobotoBold.ufont" 804
"../../../Engine/Content/EngineFonts/Faces/RobotoRegular.uexp" 805
"../../../Engine/Content/EngineFonts/Faces/RobotoRegular.uasset" 806
"../../../Engine/Content/EngineFonts/Faces/RobotoRegular.ufont" 807
"../../../Engine/Content/EngineFonts/Faces/DroidSansFallback.uexp" 808
"../../../Engine/Content/EngineFonts/Faces/DroidSansFallback.uasset" 809
"../../../Engine/Content/EngineFonts/Faces/DroidSansFallback.ufont" 810
"../../../Engine/Content/EngineFonts/Faces/RobotoItalic.uexp" 811
"../../../Engine/Content/EngineFonts/Faces/RobotoItalic.uasset" 812
"../../../Engine/Content/EngineFonts/Faces/RobotoItalic.ufont" 813
"../../../Engine/Content/EngineFonts/Faces/RobotoBoldItalic.uexp" 814
"../../../Engine/Content/EngineFonts/Faces/RobotoBoldItalic.uasset" 815
"../../../Engine/Content/EngineFonts/Faces/RobotoBoldItalic.ufont" 816
"../../../Engine/Content/EngineFonts/Roboto.uasset" 817
"../../../Engine/Content/EngineFonts/Roboto.uexp" 818
"C:/Users/User/Documents/Unreal Projects/UnrealProjektasAR/Content/HandheldAR/Blueprints/UI/Styles/ENUM_UIStyle.uasset" 819
"C:/Users/User/Documents/Unreal Projects/UnrealProjektasAR/Content/HandheldAR/Blueprints/UI/Styles/ENUM_UIStyle.uexp" 820
"C:/Users/User/Documents/Unreal Projects/UnrealProjektasAR/Content/HandheldAR/Blueprints/UI/Styles/Enum_FontTypeFace.uasset" 821
"C:/Users/User/Documents/Unreal Projects/UnrealProjektasAR/Content/HandheldAR/Blueprints/UI/Styles/Enum_FontTypeFace.uexp" 822
"C:/Users/User/Documents/Unreal Projects/UnrealProjektasAR/Content/HandheldAR/Blueprints/UI/Styles/Enum_IconType.uasset" 823
"C:/Users/User/Documents/Unreal Projects/UnrealProjektasAR/Content/HandheldAR/Blueprints/UI/Styles/Enum_IconType.uexp" 824
"C:/Users/User/Documents/Unreal Projects/UnrealProjektasAR/Content/HandheldAR/Blueprints/UI/Styles/Struct_Icon.uasset" 825
"C:/Users/User/Documents/Unreal Projects/UnrealProjektasAR/Content/HandheldAR/Blueprints/UI/Styles/Struct_Icon.uexp" 826
"C:/Users/User/Documents/Unreal Projects/UnrealProjektasAR/Content/HandheldAR/Blueprints/UI/Styles/Struct_Style.uasset" 827
"C:/Users/User/Documents/Unreal Projects/UnrealProjektasAR/Content/HandheldAR/Blueprints/UI/Styles/Struct_Style.uexp" 828
"C:/Users/User/Documents/Unreal Projects/UnrealProjektasAR/Content/HandheldAR/Blueprints/UI/Icons/T_Icon_Info_01.uasset" 829
"C:/Users/User/Documents/Unreal Projects/UnrealProjektasAR/Content/HandheldAR/Blueprints/UI/Icons/T_Icon_Info_01.uexp" 830
"C:/Users/User/Documents/Unreal Projects/UnrealProjektasAR/Content/HandheldAR/Blueprints/UI/Icons/T_Icon_Options_02.uasset" 831
"C:/Users/User/Documents/Unreal Projects/UnrealProjektasAR/Content/HandheldAR/Blueprints/UI/Icons/T_Icon_Options_02.uexp" 832
"C:/Users/User/Documents/Unreal Projects/UnrealProjektasAR/Content/HandheldAR/Blueprints/UI/Icons/T_Icon_Left_02.uasset" 833
"C:/Users/User/Documents/Unreal Projects/UnrealProjektasAR/Content/HandheldAR/Blueprints/UI/Icons/T_Icon_Left_02.uexp" 834
"C:/Users/User/Documents/Unreal Projects/UnrealProjektasAR/Content/HandheldAR/Blueprints/UI/Icons/T_Icon_Snapshot_02.uasset" 835
"C:/Users/User/Documents/Unreal Projects/UnrealProjektasAR/Content/HandheldAR/Blueprints/UI/Icons/T_Icon_Snapshot_02.uexp" 836
"C:/Users/User/Documents/Unreal Projects/UnrealProjektasAR/Content/HandheldAR/Blueprints/UI/Icons/T_Icon_ON_02.uasset" 837
"C:/Users/User/Documents/Unreal Projects/UnrealProjektasAR/Content/HandheldAR/Blueprints/UI/Icons/T_Icon_ON_02.uexp" 838
"C:/Users/User/Documents/Unreal Projects/UnrealProjektasAR/Content/HandheldAR/Blueprints/UI/Icons/T_Capsule_Left.uasset" 839
"C:/Users/User/Documents/Unreal Projects/UnrealProjektasAR/Content/HandheldAR/Blueprints/UI/Icons/T_Capsule_Left.uexp" 840
"C:/Users/User/Documents/Unreal Projects/UnrealProjektasAR/Content/HandheldAR/Blueprints/UI/Icons/T_Icon_Right_02.uasset" 841
"C:/Users/User/Documents/Unreal Projects/UnrealProjektasAR/Content/HandheldAR/Blueprints/UI/Icons/T_Icon_Right_02.uexp" 842
"C:/Users/User/Documents/Unreal Projects/UnrealProjektasAR/Content/HandheldAR/Blueprints/UI/Icons/T_Icon_Options_01.uasset" 843
"C:/Users/User/Documents/Unreal Projects/UnrealProjektasAR/Content/HandheldAR/Blueprints/UI/Icons/T_Icon_Options_01.uexp" 844
"C:/Users/User/Documents/Unreal Projects/UnrealProjektasAR/Content/HandheldAR/Blueprints/UI/Icons/T_Capsule_Right_02.uasset" 845
"C:/Users/User/Documents/Unreal Projects/UnrealProjektasAR/Content/HandheldAR/Blueprints/UI/Icons/T_Capsule_Right_02.uexp" 846
"C:/Users/User/Documents/Unreal Projects/UnrealProjektasAR/Content/HandheldAR/Blueprints/UI/Icons/T_Icon_Reset_01.uasset" 847
"C:/Users/User/Documents/Unreal Projects/UnrealProjektasAR/Content/HandheldAR/Blueprints/UI/Icons/T_Icon_Reset_01.uexp" 848
"C:/Users/User/Documents/Unreal Projects/UnrealProjektasAR/Content/HandheldAR/Blueprints/UI/Icons/T_Icon_OFF.uasset" 849
"C:/Users/User/Documents/Unreal Projects/UnrealProjektasAR/Content/HandheldAR/Blueprints/UI/Icons/T_Icon_OFF.uexp" 850
"C:/Users/User/Documents/Unreal Projects/UnrealProjektasAR/Content/HandheldAR/Blueprints/UI/Icons/T_Capsule_Right.uasset" 851
"C:/Users/User/Documents/Unreal Projects/UnrealProjektasAR/Content/HandheldAR/Blueprints/UI/Icons/T_Capsule_Right.uexp" 852
"C:/Users/User/Documents/Unreal Projects/UnrealProjektasAR/Content/HandheldAR/Blueprints/UI/Icons/T_Icon_Reset_02.uasset" 853
"C:/Users/User/Documents/Unreal Projects/UnrealProjektasAR/Content/HandheldAR/Blueprints/UI/Icons/T_Icon_Reset_02.uexp" 854
"C:/Users/User/Documents/Unreal Projects/UnrealProjektasAR/Content/HandheldAR/Blueprints/UI/Icons/T_Icon_Left.uasset" 855
"C:/Users/User/Documents/Unreal Projects/UnrealProjektasAR/Content/HandheldAR/Blueprints/UI/Icons/T_Icon_Left.uexp" 856
"C:/Users/User/Documents/Unreal Projects/UnrealProjektasAR/Content/HandheldAR/Blueprints/UI/Icons/T_Capsule_Center.uasset" 857
"C:/Users/User/Documents/Unreal Projects/UnrealProjektasAR/Content/HandheldAR/Blueprints/UI/Icons/T_Capsule_Center.uexp" 858
"C:/Users/User/Documents/Unreal Projects/UnrealProjektasAR/Content/HandheldAR/Blueprints/UI/Styles/DT_Styles.uasset" 859
"C:/Users/User/Documents/Unreal Projects/UnrealProjektasAR/Content/HandheldAR/Blueprints/UI/Styles/DT_Styles.uexp" 860
"C:/Users/User/Documents/Unreal Projects/UnrealProjektasAR/Content/HandheldAR/Blueprints/UI/Materials/M_ButtonUI.uasset" 861
"C:/Users/User/Documents/Unreal Projects/UnrealProjektasAR/Content/HandheldAR/Blueprints/UI/Materials/M_ButtonUI.uexp" 862
"C:/Users/User/Documents/Unreal Projects/UnrealProjektasAR/Content/HandheldAR/Blueprints/UI/UI_ToggleButton.uasset" 863
"C:/Users/User/Documents/Unreal Projects/UnrealProjektasAR/Content/HandheldAR/Blueprints/UI/UI_ToggleButton.uexp" 864
"C:/Users/User/Documents/Unreal Projects/UnrealProjektasAR/Content/HandheldAR/Blueprints/UI/UI_CapsuleButton.uasset" 865
"C:/Users/User/Documents/Unreal Projects/UnrealProjektasAR/Content/HandheldAR/Blueprints/UI/UI_CapsuleButton.uexp" 866
"C:/Users/User/Documents/Unreal Projects/UnrealProjektasAR/Content/HandheldAR/Blueprints/UI/Styles/BP_StylizedUI.uasset" 867
"C:/Users/User/Documents/Unreal Projects/UnrealProjektasAR/Content/HandheldAR/Blueprints/UI/Styles/BP_StylizedUI.uexp" 868
"C:/Users/User/Documents/Unreal Projects/UnrealProjektasAR/Content/HandheldAR/Blueprints/UI/BP_OptionMenu.uasset" 869
"C:/Users/User/Documents/Unreal Projects/UnrealProjektasAR/Content/HandheldAR/Blueprints/UI/BP_OptionMenu.uexp" 870
"C:/Users/User/Documents/Unreal Projects/UnrealProjektasAR/Content/HandheldAR/Blueprints/UI/Icons/T_CircularMenu_Top.uasset" 871
"C:/Users/User/Documents/Unreal Projects/UnrealProjektasAR/Content/HandheldAR/Blueprints/UI/Icons/T_CircularMenu_Top.uexp" 872
"C:/Users/User/Documents/Unreal Projects/UnrealProjektasAR/Content/HandheldAR/Blueprints/UI/Icons/T_CircularMenu.uasset" 873
"C:/Users/User/Documents/Unreal Projects/UnrealProjektasAR/Content/HandheldAR/Blueprints/UI/Icons/T_CircularMenu.uexp" 874
"C:/Users/User/Documents/Unreal Projects/UnrealProjektasAR/Content/HandheldAR/Blueprints/UI/Icons/T_Icon_Circle.uasset" 875
"C:/Users/User/Documents/Unreal Projects/UnrealProjektasAR/Content/HandheldAR/Blueprints/UI/Icons/T_Icon_Circle.uexp" 876
"../../../Engine/Content/Functions/Engine_MaterialFunctions02/Texturing/CustomRotator.uasset" 877
"../../../Engine/Content/Functions/Engine_MaterialFunctions02/Texturing/CustomRotator.uexp" 878
"C:/Users/User/Documents/Unreal Projects/UnrealProjektasAR/Content/HandheldAR/Blueprints/UI/Materials/M_CircularMenuSelection.uasset" 879
"C:/Users/User/Documents/Unreal Projects/UnrealProjektasAR/Content/HandheldAR/Blueprints/UI/Materials/M_CircularMenuSelection.uexp" 880
"C:/Users/User/Documents/Unreal Projects/UnrealProjektasAR/Content/HandheldAR/Blueprints/UI/BP_BottomMenu.uasset" 881
"C:/Users/User/Documents/Unreal Projects/UnrealProjektasAR/Content/HandheldAR/Blueprints/UI/BP_BottomMenu.uexp" 882
"C:/Users/User/Documents/Unreal Projects/UnrealProjektasAR/Content/HandheldAR/Blueprints/UI/Icons/T_Shape_Loading.uasset" 883
"C:/Users/User/Documents/Unreal Projects/UnrealProjektasAR/Content/HandheldAR/Blueprints/UI/Icons/T_Shape_Loading.uexp" 884
"C:/Users/User/Documents/Unreal Projects/UnrealProjektasAR/Content/HandheldAR/Blueprints/UI/Materials/M_ButtonRotatingUI.uasset" 885
"C:/Users/User/Documents/Unreal Projects/UnrealProjektasAR/Content/HandheldAR/Blueprints/UI/Materials/M_ButtonRotatingUI.uexp" 886
"C:/Users/User/Documents/Unreal Projects/UnrealProjektasAR/Content/HandheldAR/Blueprints/UI/Icons/T_Shape_Circle.uasset" 887
"C:/Users/User/Documents/Unreal Projects/UnrealProjektasAR/Content/HandheldAR/Blueprints/UI/Icons/T_Shape_Circle.uexp" 888
"C:/Users/User/Documents/Unreal Projects/UnrealProjektasAR/Content/HandheldAR/Blueprints/UI/BP_StartMenu.uasset" 889
"C:/Users/User/Documents/Unreal Projects/UnrealProjektasAR/Content/HandheldAR/Blueprints/UI/BP_StartMenu.uexp" 890
"C:/Users/User/Documents/Unreal Projects/UnrealProjektasAR/Content/HandheldAR/Blueprints/UI/Materials/M_CircularMask.uasset" 891
"C:/Users/User/Documents/Unreal Projects/UnrealProjektasAR/Content/HandheldAR/Blueprints/UI/Materials/M_CircularMask.uexp" 892
"C:/Users/User/Documents/Unreal Projects/UnrealProjektasAR/Content/HandheldAR/Blueprints/UI/Icons/T_Icon_Shot_01.ubulk" 893
"C:/Users/User/Documents/Unreal Projects/UnrealProjektasAR/Content/HandheldAR/Blueprints/UI/Icons/T_Icon_Shot_01.uasset" 894
"C:/Users/User/Documents/Unreal Projects/UnrealProjektasAR/Content/HandheldAR/Blueprints/UI/Icons/T_Icon_Shot_01.uexp" 895
"C:/Users/User/Documents/Unreal Projects/UnrealProjektasAR/Content/HandheldAR/pexels-vincent-ma-janssen-3048722.uasset" 896
"C:/Users/User/Documents/Unreal Projects/UnrealProjektasAR/Content/HandheldAR/pexels-vincent-ma-janssen-3048722.uexp" 897
"C:/Users/User/Documents/Unreal Projects/UnrealProjektasAR/Content/HandheldAR/BearImage.uasset" 898
"C:/Users/User/Documents/Unreal Projects/UnrealProjektasAR/Content/HandheldAR/BearImage.uexp" 899
"C:/Users/User/Documents/Unreal Projects/UnrealProjektasAR/Content/HandheldAR/smile.uasset" 900
"C:/Users/User/Documents/Unreal Projects/UnrealProjektasAR/Content/HandheldAR/smile.uexp" 901
"C:/Users/User/Documents/Unreal Projects/UnrealProjektasAR/Content/HandheldAR/SmileImage.uasset" 902
"C:/Users/User/Documents/Unreal Projects/UnrealProjektasAR/Content/HandheldAR/SmileImage.uexp" 903
"C:/Users/User/Documents/Unreal Projects/UnrealProjektasAR/Content/HandheldAR/D_ARSessionConfig.uasset" 904
"C:/Users/User/Documents/Unreal Projects/UnrealProjektasAR/Content/HandheldAR/D_ARSessionConfig.uexp" 905
"C:/Users/User/Documents/Unreal Projects/UnrealProjektasAR/Content/HandheldAR/Blueprints/UI/Icons/T_Icon_Pinch.uasset" 906
"C:/Users/User/Documents/Unreal Projects/UnrealProjektasAR/Content/HandheldAR/Blueprints/UI/Icons/T_Icon_Pinch.uexp" 907
"C:/Users/User/Documents/Unreal Projects/UnrealProjektasAR/Content/HandheldAR/Blueprints/UI/Icons/T_Icon_Grab.uasset" 908
"C:/Users/User/Documents/Unreal Projects/UnrealProjektasAR/Content/HandheldAR/Blueprints/UI/Icons/T_Icon_Grab.uexp" 909
"C:/Users/User/Documents/Unreal Projects/UnrealProjektasAR/Content/HandheldAR/Blueprints/UI/Icons/T_Icon_Swipe.uasset" 910
"C:/Users/User/Documents/Unreal Projects/UnrealProjektasAR/Content/HandheldAR/Blueprints/UI/Icons/T_Icon_Swipe.uexp" 911
"C:/Users/User/Documents/Unreal Projects/UnrealProjektasAR/Content/HandheldAR/Blueprints/UI/BP_InfoMenu.uasset" 912
"C:/Users/User/Documents/Unreal Projects/UnrealProjektasAR/Content/HandheldAR/Blueprints/UI/BP_InfoMenu.uexp" 913
"C:/Users/User/Documents/Unreal Projects/UnrealProjektasAR/Content/HandheldAR/Blueprints/UI/BP_MainMenu.uasset" 914
"C:/Users/User/Documents/Unreal Projects/UnrealProjektasAR/Content/HandheldAR/Blueprints/UI/BP_MainMenu.uexp" 915
"C:/Users/User/Documents/Unreal Projects/UnrealProjektasAR/Content/HandheldAR/Blueprints/GameFramework/BP_ARPawn.uasset" 916
"C:/Users/User/Documents/Unreal Projects/UnrealProjektasAR/Content/HandheldAR/Blueprints/GameFramework/BP_ARPawn.uexp" 917
"C:/Users/User/Documents/Unreal Projects/UnrealProjektasAR/Content/HandheldAR/Blueprints/GameFramework/BP_ARGameMode.uasset" 918
"C:/Users/User/Documents/Unreal Projects/UnrealProjektasAR/Content/HandheldAR/Blueprints/GameFramework/BP_ARGameMode.uexp" 919
"../../../Engine/Content/MapTemplates/Sky/DaylightAmbientCubemap.uasset" 920
"../../../Engine/Content/MapTemplates/Sky/DaylightAmbientCubemap.uexp" 921
"C:/Users/User/Documents/Unreal Projects/UnrealProjektasAR/Content/HandheldAR/Maps/HandheldARBlankMap.uexp" 922
"C:/Users/User/Documents/Unreal Projects/UnrealProjektasAR/Content/HandheldAR/Maps/HandheldARBlankMap.umap" 923
